[2024-12-15 01:16:37] IP: ::1 - URL: / - METHOD: GET
[2024-12-15 01:17:00] IP: ::1 - URL: / - METHOD: GET
[2024-12-15 01:17:04] IP: ::1 - URL: /login - METHOD: GET
[2024-12-15 01:17:08] IP: ::1 - URL: / - METHOD: GET
[2024-12-15 01:17:10] IP: ::1 - URL: /projetos - METHOD: GET
[2024-12-15 01:17:11] IP: ::1 - URL: /formulario - METHOD: GET
[2024-12-15 01:17:18] IP: ::1 - URL: /cadastrar_Projeto - METHOD: POST
[2024-12-15 01:17:46] IP: ::1 - URL: /cadastrar_Projeto - METHOD: POST
[2024-12-15 01:24:58] IP: ::1 - URL: /login - METHOD: GET
[2024-12-15 01:25:05] IP: ::1 - URL: /logar - METHOD: POST
[2024-12-15 01:25:17] IP: ::1 - URL: /login - METHOD: GET
[2024-12-15 01:25:39] IP: ::1 - URL: /logar - METHOD: POST
[2024-12-15 01:27:30] IP: ::1 - URL: /login - METHOD: GET
[2024-12-15 01:27:40] IP: ::1 - URL: /logar - METHOD: POST
[2024-12-15 01:37:47] IP: ::1 - URL: /login - METHOD: GET
[2024-12-15 01:38:02] IP: ::1 - URL: /logar - METHOD: POST
[2024-12-15 01:38:02] IP: ::1 - URL: /match - METHOD: GET
[2024-12-15 01:38:55] IP: ::1 - URL: /login - METHOD: GET
[2024-12-15 01:39:02] IP: ::1 - URL: /logar - METHOD: POST
[2024-12-15 01:39:02] IP: ::1 - URL: /outros_projetos - METHOD: GET
[2024-12-15 01:40:55] IP: ::1 - URL: /outros_projetos - METHOD: GET
[2024-12-15 01:42:11] IP: ::1 - URL: /outros_projetos - METHOD: GET
[2024-12-15 01:42:12] IP: ::1 - URL: /outros_projetos - METHOD: GET
[2024-12-15 01:42:13] IP: ::1 - URL: /outros_projetos - METHOD: GET
[2024-12-15 01:42:13] IP: ::1 - URL: /outros_projetos - METHOD: GET
[2024-12-15 01:43:05] IP: ::1 - URL: /outros_projetos - METHOD: GET
[2024-12-15 01:44:00] IP: ::1 - URL: /outros_projetos - METHOD: GET
[2024-12-15 01:44:02] IP: ::1 - URL: /outros_projetos - METHOD: GET
[2024-12-15 01:44:02] IP: ::1 - URL: /outros_projetos - METHOD: GET
[2024-12-15 01:44:25] IP: ::1 - URL: /outros_projetos - METHOD: GET
[2024-12-15 01:45:36] IP: ::1 - URL: /outros_projetos - METHOD: GET
[2024-12-15 01:50:17] IP: ::1 - URL: /outros_projetos - METHOD: GET
[2024-12-15 01:55:22] IP: ::1 - URL: /outros_projetos - METHOD: GET
[2024-12-15 01:56:18] IP: ::1 - URL: / - METHOD: GET
[2024-12-15 01:56:20] IP: ::1 - URL: / - METHOD: GET
[2024-12-15 01:56:24] IP: ::1 - URL: /login - METHOD: GET
[2024-12-15 01:56:31] IP: ::1 - URL: /logar - METHOD: POST
[2024-12-15 01:56:31] IP: ::1 - URL: /outros_projetos - METHOD: GET
[2024-12-15 01:56:35] IP: ::1 - URL: / - METHOD: GET
[2024-12-15 01:56:42] IP: ::1 - URL: /projetos - METHOD: GET
[2024-12-15 01:56:43] IP: ::1 - URL: /formulario - METHOD: GET
[2024-12-15 02:00:30] IP: ::1 - URL: /cadastrar_Projeto - METHOD: POST
[2024-12-15 02:29:49] IP: ::1 - URL: /cadastrar_Projeto - METHOD: POST
[2024-12-15 02:30:31] IP: ::1 - URL: /cadastrar_Projeto - METHOD: POST
[2024-12-15 02:32:41] IP: ::1 - URL: /cadastrar_Projeto - METHOD: POST
[2024-12-15 02:38:06] IP: ::1 - URL: /cadastrar_Projeto - METHOD: GET
[2024-12-15 02:38:10] IP: ::1 - URL: / - METHOD: GET
[2024-12-15 02:38:14] IP: ::1 - URL: /outros_projetos - METHOD: GET
[2024-12-15 02:38:19] IP: ::1 - URL: / - METHOD: GET
[2024-12-15 02:38:21] IP: ::1 - URL: /logout - METHOD: GET
[2024-12-15 02:38:26] IP: ::1 - URL: / - METHOD: GET
[2024-12-15 02:38:31] IP: ::1 - URL: /projetos - METHOD: GET
[2024-12-15 02:38:33] IP: ::1 - URL: /formulario - METHOD: GET
[2024-12-15 02:38:50] IP: ::1 - URL: / - METHOD: GET
[2024-12-15 15:12:05] IP: ::1 - URL: /projetos - METHOD: GET
[2024-12-15 16:12:21] IP: ::1 - URL: /projetos - METHOD: GET
[2024-12-15 16:12:09] IP: ::1 - URL: /projetos - METHOD: GET
[2024-12-15 16:12:12] IP: ::1 - URL: /formulario - METHOD: GET
[2024-12-15 16:12:50] IP: ::1 - URL: /projetos - METHOD: GET
[2024-12-15 16:12:54] IP: ::1 - URL: /formulario - METHOD: GET
[2024-12-15 16:12:02] IP: ::1 - URL: /cadastrar_Projeto - METHOD: POST
[2024-12-15 16:12:35] IP: ::1 - URL: /formulario - METHOD: GET
[2024-12-15 16:12:41] IP: ::1 - URL: /cadastrar_Projeto - METHOD: POST
[2024-12-15 16:12:56] IP: ::1 - URL: /cadastrar_Projeto - METHOD: POST
[2024-12-15 16:12:55] IP: ::1 - URL: / - METHOD: GET
[2024-12-15 16:12:06] IP: ::1 - URL: /home - METHOD: GET
[2024-12-15 16:12:09] IP: ::1 - URL: /register - METHOD: GET
[2024-12-15 16:12:20] IP: ::1 - URL: /pagina_sobre - METHOD: GET
[2024-12-15 16:12:28] IP: ::1 - URL: /projetos - METHOD: GET
[2024-12-15 16:12:37] IP: ::1 - URL: /outros_projetos - METHOD: GET
[2024-12-15 16:12:42] IP: ::1 - URL: /logout - METHOD: GET
[2024-12-15 16:12:46] IP: ::1 - URL: /login - METHOD: GET
[2024-12-15 16:12:15] IP: ::1 - URL: /formulario - METHOD: GET
[2024-12-15 16:12:16] IP: ::1 - URL: /formulario - METHOD: GET
[2024-12-15 16:12:18] IP: ::1 - URL: /projetos - METHOD: GET
[2024-12-15 16:12:23] IP: ::1 - URL: /login - METHOD: GET
[2024-12-15 17:12:24] IP: ::1 - URL: /home - METHOD: GET
[2024-12-15 17:12:26] IP: ::1 - URL: /pagina_sobre - METHOD: GET
[2024-12-15 17:12:27] IP: ::1 - URL: /projetos - METHOD: GET
[2024-12-15 17:12:33] IP: ::1 - URL: /outros_projetos - METHOD: GET
[2024-12-15 17:12:46] IP: ::1 - URL: /formulario - METHOD: GET
[2024-12-15 17:12:52] IP: ::1 - URL: /cadastrar_Projeto - METHOD: POST
[2024-12-15 17:12:24] IP: ::1 - URL: /login - METHOD: GET
[2024-12-15 17:12:33] IP: ::1 - URL: /logar - METHOD: POST
[2024-12-15 17:12:33] IP: ::1 - URL: /outros_projetos - METHOD: GET
[2024-12-15 17:12:58] IP: ::1 - URL: /outros_projetos - METHOD: GET
[2024-12-15 17:12:02] IP: ::1 - URL: /outros_projetos - METHOD: GET
[2024-12-15 17:12:30] IP: ::1 - URL: /outros_projetos - METHOD: GET
[2024-12-15 17:12:38] IP: ::1 - URL: /logar - METHOD: POST
[2024-12-15 17:12:38] IP: ::1 - URL: /outros_projetos - METHOD: GET
[2024-12-15 17:12:08] IP: ::1 - URL: /outros_projetos - METHOD: GET
[2024-12-15 17:12:57] IP: ::1 - URL: /outros_projetos - METHOD: GET
[2024-12-15 17:12:58] IP: ::1 - URL: /outros_projetos - METHOD: GET
[2024-12-15 17:12:58] IP: ::1 - URL: /outros_projetos - METHOD: GET
[2024-12-15 17:12:00] IP: ::1 - URL: /outros_projetos - METHOD: GET
[2024-12-15 17:12:35] IP: ::1 - URL: /outros_projetos - METHOD: GET
[2024-12-15 17:12:30] IP: ::1 - URL: /outros_projetos - METHOD: GET
[2024-12-15 17:12:41] IP: ::1 - URL: /outros_projetos - METHOD: GET
[2024-12-15 17:12:36] IP: ::1 - URL: /outros_projetos - METHOD: GET
[2024-12-15 18:12:04] IP: ::1 - URL: /outros_projetos - METHOD: GET
[2024-12-15 18:12:14] IP: ::1 - URL: /outros_projetos - METHOD: GET
[2024-12-15 18:12:17] IP: ::1 - URL: /formulario - METHOD: GET
[2024-12-15 18:12:19] IP: ::1 - URL: /outros_projetos - METHOD: GET
[2024-12-15 18:12:50] IP: ::1 - URL: /outros_projetos - METHOD: GET
[2024-12-15 18:12:17] IP: ::1 - URL: /outros_projetos - METHOD: GET
[2024-12-15 18:12:18] IP: ::1 - URL: /outros_projetos - METHOD: GET
[2024-12-15 18:12:38] IP: ::1 - URL: /outros_projetos - METHOD: GET
[2024-12-15 18:12:42] IP: ::1 - URL: /outros_projetos - METHOD: GET
[2024-12-15 18:12:10] IP: ::1 - URL: /home - METHOD: GET
[2024-12-15 18:12:13] IP: ::1 - URL: /pagina_sobre - METHOD: GET
[2024-12-15 18:12:14] IP: ::1 - URL: /projetos - METHOD: GET
[2024-12-15 18:12:16] IP: ::1 - URL: /outros_projetos - METHOD: GET
[2024-12-15 18:12:18] IP: ::1 - URL: /login - METHOD: GET
[2024-12-15 18:12:22] IP: ::1 - URL: /outros_projetos - METHOD: GET
[2024-12-15 18:12:59] IP: ::1 - URL: /outros_projetos - METHOD: GET
[2024-12-15 18:12:04] IP: ::1 - URL: /outros_projetos - METHOD: GET
[2024-12-15 18:12:43] IP: ::1 - URL: /outros_projetos - METHOD: GET
[2024-12-15 18:12:56] IP: ::1 - URL: /projetos - METHOD: GET
[2024-12-15 18:12:57] IP: ::1 - URL: /formulario - METHOD: GET
[2024-12-15 18:12:03] IP: ::1 - URL: /cadastrar_Projeto - METHOD: POST
[2024-12-15 18:12:05] IP: ::1 - URL: /formulario - METHOD: GET
[2024-12-15 18:12:30] IP: ::1 - URL: /formulario - METHOD: GET
[2024-12-15 18:12:46] IP: ::1 - URL: /Cadastrar_projeto - METHOD: POST
[2024-12-15 18:12:21] IP: ::1 - URL: /Cadastrar_projeto - METHOD: POST
[2024-12-15 18:12:24] IP: ::1 - URL: /formulario - METHOD: GET
[2024-12-15 18:12:29] IP: ::1 - URL: /cadastrar_Projeto - METHOD: POST
[2024-12-15 18:12:45] IP: ::1 - URL: /outros_projetos - METHOD: GET
[2024-12-15 18:12:18] IP: ::1 - URL: /outros_projetos - METHOD: GET
[2024-12-15 18:12:43] IP: ::1 - URL: /outros_projetos - METHOD: GET
[2024-12-15 19:12:31] IP: ::1 - URL: /outros_projetos - METHOD: GET
[2024-12-15 19:12:39] IP: ::1 - URL: /home - METHOD: GET
[2024-12-15 19:12:41] IP: ::1 - URL: /pagina_sobre - METHOD: GET
[2024-12-15 19:12:43] IP: ::1 - URL: /projetos - METHOD: GET
[2024-12-15 19:12:46] IP: ::1 - URL: /outros_projetos - METHOD: GET
[2024-12-15 19:12:49] IP: ::1 - URL: /outros_projetos - METHOD: GET
[2024-12-15 19:12:49] IP: ::1 - URL: /outros_projetos - METHOD: GET
[2024-12-15 19:12:49] IP: ::1 - URL: /outros_projetos - METHOD: GET
[2024-12-15 19:12:49] IP: ::1 - URL: /outros_projetos - METHOD: GET
[2024-12-15 19:12:50] IP: ::1 - URL: /outros_projetos - METHOD: GET
[2024-12-15 19:12:51] IP: ::1 - URL: /outros_projetos - METHOD: GET
[2024-12-15 19:12:51] IP: ::1 - URL: /outros_projetos - METHOD: GET
[2024-12-15 19:12:51] IP: ::1 - URL: /outros_projetos - METHOD: GET
[2024-12-15 19:12:51] IP: ::1 - URL: /outros_projetos - METHOD: GET
[2024-12-15 19:12:51] IP: ::1 - URL: /outros_projetos - METHOD: GET
[2024-12-15 19:12:52] IP: ::1 - URL: /outros_projetos - METHOD: GET
[2024-12-15 19:12:52] IP: ::1 - URL: /outros_projetos - METHOD: GET
[2024-12-15 19:12:52] IP: ::1 - URL: /outros_projetos - METHOD: GET
[2024-12-15 19:12:52] IP: ::1 - URL: /outros_projetos - METHOD: GET
[2024-12-15 19:12:52] IP: ::1 - URL: /outros_projetos - METHOD: GET
[2024-12-15 19:12:52] IP: ::1 - URL: /outros_projetos - METHOD: GET
[2024-12-15 19:12:53] IP: ::1 - URL: /outros_projetos - METHOD: GET
[2024-12-15 19:12:53] IP: ::1 - URL: /outros_projetos - METHOD: GET
[2024-12-15 19:12:53] IP: ::1 - URL: /outros_projetos - METHOD: GET
[2024-12-15 19:12:53] IP: ::1 - URL: /outros_projetos - METHOD: GET
[2024-12-15 19:12:53] IP: ::1 - URL: /outros_projetos - METHOD: GET
[2024-12-15 19:12:58] IP: ::1 - URL: /outros_projetos - METHOD: GET
[2024-12-15 19:12:04] IP: ::1 - URL: /outros_projetos - METHOD: GET
[2024-12-15 19:12:08] IP: ::1 - URL: /outros_projetos - METHOD: GET
[2024-12-15 19:12:17] IP: ::1 - URL: /outros_projetos - METHOD: GET
[2024-12-15 19:12:04] IP: ::1 - URL: /outros_projetos - METHOD: GET
[2024-12-15 19:12:59] IP: ::1 - URL: /outros_projetos - METHOD: GET
[2024-12-15 19:12:10] IP: ::1 - URL: /outros_projetos - METHOD: GET
[2024-12-15 19:12:44] IP: ::1 - URL: /outros_projetos - METHOD: GET
[2024-12-15 19:12:15] IP: ::1 - URL: /outros_projetos - METHOD: GET
[2024-12-15 19:12:59] IP: ::1 - URL: /outros_projetos - METHOD: GET
[2024-12-15 19:12:37] IP: ::1 - URL: /outros_projetos - METHOD: GET
[2024-12-15 19:12:25] IP: ::1 - URL: /outros_projetos - METHOD: GET
[2024-12-15 19:12:26] IP: ::1 - URL: /outros_projetos - METHOD: GET
[2024-12-15 19:12:29] IP: ::1 - URL: /outros_projetos - METHOD: GET
[2024-12-15 19:12:29] IP: ::1 - URL: /outros_projetos - METHOD: GET
[2024-12-15 19:12:17] IP: ::1 - URL: /outros_projetos - METHOD: GET
[2024-12-15 19:12:54] IP: ::1 - URL: /outros_projetos - METHOD: GET
[2024-12-15 19:12:55] IP: ::1 - URL: /outros_projetos - METHOD: GET
[2024-12-15 19:12:55] IP: ::1 - URL: /outros_projetos - METHOD: GET
[2024-12-15 19:12:41] IP: ::1 - URL: /outros_projetos - METHOD: GET
[2024-12-15 19:12:58] IP: ::1 - URL: /outros_projetos - METHOD: GET
[2024-12-15 19:12:07] IP: ::1 - URL: /formulario - METHOD: GET
[2024-12-15 19:12:03] IP: ::1 - URL: /outros_projetos - METHOD: GET
[2024-12-15 20:12:25] IP: ::1 - URL: /outros_projetos - METHOD: GET
[2024-12-15 20:12:43] IP: ::1 - URL: /outros_projetos - METHOD: GET
[2024-12-15 20:12:14] IP: ::1 - URL: /outros_projetos - METHOD: GET
[2024-12-15 20:12:31] IP: ::1 - URL: /outros_projetos - METHOD: GET
[2024-12-15 20:12:36] IP: ::1 - URL: /outros_projetos - METHOD: GET
[2024-12-15 20:12:00] IP: ::1 - URL: /outros_projetos - METHOD: GET
[2024-12-15 20:12:51] IP: ::1 - URL: /outros_projetos - METHOD: GET
[2024-12-15 20:12:08] IP: ::1 - URL: /outros_projetos - METHOD: GET
[2024-12-15 20:12:16] IP: ::1 - URL: /outros_projetos - METHOD: GET
[2024-12-15 20:12:57] IP: ::1 - URL: /outros_projetos - METHOD: GET
[2024-12-15 20:12:00] IP: ::1 - URL: /outros_projetos - METHOD: GET
[2024-12-15 20:12:13] IP: ::1 - URL: /outros_projetos - METHOD: GET
[2024-12-15 20:12:35] IP: ::1 - URL: /outros_projetos - METHOD: GET
[2024-12-15 20:12:36] IP: ::1 - URL: /outros_projetos - METHOD: GET
[2024-12-15 20:12:37] IP: ::1 - URL: /outros_projetos - METHOD: GET
[2024-12-15 20:12:37] IP: ::1 - URL: /outros_projetos - METHOD: GET
[2024-12-15 20:12:37] IP: ::1 - URL: /outros_projetos - METHOD: GET
[2024-12-15 20:12:37] IP: ::1 - URL: /outros_projetos - METHOD: GET
[2024-12-15 20:12:37] IP: ::1 - URL: /outros_projetos - METHOD: GET
[2024-12-15 20:12:37] IP: ::1 - URL: /outros_projetos - METHOD: GET
[2024-12-15 20:12:38] IP: ::1 - URL: /outros_projetos - METHOD: GET
[2024-12-15 20:12:44] IP: ::1 - URL: /outros_projetos - METHOD: GET
[2024-12-15 20:12:22] IP: ::1 - URL: /outros_projetos - METHOD: GET
[2024-12-15 20:12:55] IP: ::1 - URL: /home - METHOD: GET
[2024-12-15 20:12:56] IP: ::1 - URL: /pagina_sobre - METHOD: GET
[2024-12-15 20:12:57] IP: ::1 - URL: /projetos - METHOD: GET
[2024-12-15 20:12:01] IP: ::1 - URL: /outros_projetos - METHOD: GET
[2024-12-15 20:12:36] IP: ::1 - URL: /login - METHOD: GET
[2024-12-15 21:12:24] IP: ::1 - URL: /projetos - METHOD: GET
[2024-12-15 21:12:54] IP: ::1 - URL: /outros_projetos - METHOD: GET
[2024-12-15 21:12:56] IP: ::1 - URL: /meus_projetos - METHOD: GET
[2024-12-15 21:12:01] IP: ::1 - URL: /formulario - METHOD: GET
[2024-12-15 21:12:09] IP: ::1 - URL: /meus_projetos - METHOD: GET
[2024-12-15 21:12:15] IP: ::1 - URL: /meus_projetos - METHOD: GET
[2024-12-15 21:12:36] IP: ::1 - URL: /meus_projetos - METHOD: GET
[2024-12-15 21:12:45] IP: ::1 - URL: /login - METHOD: GET
[2024-12-15 21:12:08] IP: ::1 - URL: /login - METHOD: GET
[2024-12-15 21:12:11] IP: ::1 - URL: /meus_projetos - METHOD: GET
[2024-12-15 21:12:13] IP: ::1 - URL: /meus_projetos - METHOD: GET
[2024-12-15 21:12:14] IP: ::1 - URL: /meus_projetos - METHOD: GET
[2024-12-15 21:12:14] IP: ::1 - URL: /meus_projetos - METHOD: GET
[2024-12-15 21:12:58] IP: ::1 - URL: /meus_projetos - METHOD: GET
[2024-12-15 21:12:02] IP: ::1 - URL: /meus_projetos - METHOD: GET
[2024-12-15 21:12:17] IP: ::1 - URL: /meus_projetos - METHOD: GET
[2024-12-15 21:12:21] IP: ::1 - URL: /meus_projetos - METHOD: GET
[2024-12-15 21:12:21] IP: ::1 - URL: /meus_projetos - METHOD: GET
[2024-12-15 21:12:22] IP: ::1 - URL: /meus_projetos - METHOD: GET
[2024-12-15 21:12:22] IP: ::1 - URL: /meus_projetos - METHOD: GET
[2024-12-15 21:12:22] IP: ::1 - URL: /meus_projetos - METHOD: GET
[2024-12-15 21:12:22] IP: ::1 - URL: /meus_projetos - METHOD: GET
[2024-12-15 21:12:23] IP: ::1 - URL: /meus_projetos - METHOD: GET
[2024-12-15 21:12:23] IP: ::1 - URL: /meus_projetos - METHOD: GET
[2024-12-15 21:12:23] IP: ::1 - URL: /meus_projetos - METHOD: GET
[2024-12-15 21:12:23] IP: ::1 - URL: /meus_projetos - METHOD: GET
[2024-12-15 21:12:38] IP: ::1 - URL: /meus_projetos - METHOD: GET
[2024-12-15 21:12:41] IP: ::1 - URL: /meus_projetos - METHOD: GET
[2024-12-15 21:12:59] IP: ::1 - URL: /meus_projetos - METHOD: GET
[2024-12-15 21:12:26] IP: ::1 - URL: /meus_projetos - METHOD: GET
[2024-12-15 21:12:36] IP: ::1 - URL: /meus_projetos - METHOD: GET
[2024-12-15 21:12:53] IP: ::1 - URL: /meus_projetos - METHOD: GET
[2024-12-15 21:12:50] IP: ::1 - URL: /meus_projetos - METHOD: GET
[2024-12-15 21:12:13] IP: ::1 - URL: /meus_projetos - METHOD: GET
[2024-12-15 21:12:31] IP: ::1 - URL: /meus_projetos - METHOD: GET
[2024-12-15 21:12:15] IP: ::1 - URL: / - METHOD: GET
[2024-12-15 21:12:20] IP: ::1 - URL: /meus_projetos - METHOD: GET
[2024-12-15 21:12:36] IP: ::1 - URL: /meus_projetos - METHOD: GET
[2024-12-15 21:12:36] IP: ::1 - URL: /meus_projetos - METHOD: GET
[2024-12-15 21:12:38] IP: ::1 - URL: /meus_projetos - METHOD: GET
[2024-12-15 21:12:03] IP: ::1 - URL: /meus_projetos - METHOD: GET
[2024-12-15 21:12:04] IP: ::1 - URL: /meus_projetos - METHOD: GET
[2024-12-15 21:12:04] IP: ::1 - URL: /meus_projetos - METHOD: GET
[2024-12-15 21:12:04] IP: ::1 - URL: /meus_projetos - METHOD: GET
[2024-12-15 21:12:07] IP: ::1 - URL: /meus_projetos - METHOD: GET
[2024-12-15 21:12:08] IP: ::1 - URL: /meus_projetos - METHOD: GET
[2024-12-15 21:12:08] IP: ::1 - URL: /meus_projetos - METHOD: GET
[2024-12-15 21:12:08] IP: ::1 - URL: /meus_projetos - METHOD: GET
[2024-12-15 21:12:08] IP: ::1 - URL: /meus_projetos - METHOD: GET
[2024-12-15 21:12:09] IP: ::1 - URL: /meus_projetos - METHOD: GET
[2024-12-15 21:12:14] IP: ::1 - URL: /meus_projetos - METHOD: GET
[2024-12-15 21:12:52] IP: ::1 - URL: /meus_projetos - METHOD: GET
[2024-12-15 21:12:52] IP: ::1 - URL: /meus_projetos - METHOD: GET
[2024-12-15 21:12:19] IP: ::1 - URL: /meus_projetos - METHOD: GET
[2024-12-15 21:12:20] IP: ::1 - URL: /meus_projetos - METHOD: GET
[2024-12-15 21:12:20] IP: ::1 - URL: /meus_projetos - METHOD: GET
[2024-12-15 21:12:20] IP: ::1 - URL: /meus_projetos - METHOD: GET
[2024-12-15 21:12:52] IP: ::1 - URL: /meus_projetos - METHOD: GET
[2024-12-15 21:12:53] IP: ::1 - URL: /meus_projetos - METHOD: GET
[2024-12-15 21:12:53] IP: ::1 - URL: /meus_projetos - METHOD: GET
[2024-12-15 21:12:54] IP: ::1 - URL: /meus_projetos - METHOD: GET
[2024-12-15 21:12:54] IP: ::1 - URL: /meus_projetos - METHOD: GET
[2024-12-15 21:12:54] IP: ::1 - URL: /meus_projetos - METHOD: GET
[2024-12-15 21:12:55] IP: ::1 - URL: /meus_projetos - METHOD: GET
[2024-12-15 21:12:25] IP: ::1 - URL: /meus_projetos - METHOD: GET
[2024-12-15 21:12:57] IP: ::1 - URL: /meus_projetos - METHOD: GET
[2024-12-15 21:12:54] IP: ::1 - URL: /meus_projetos - METHOD: GET
[2024-12-15 22:12:03] IP: ::1 - URL: /meus_projetos - METHOD: GET
[2024-12-15 22:12:35] IP: ::1 - URL: /meus_projetos - METHOD: GET
[2024-12-15 22:12:22] IP: ::1 - URL: / - METHOD: GET
[2024-12-15 22:12:28] IP: ::1 - URL: /outros_projetos - METHOD: GET
[2024-12-15 22:12:33] IP: ::1 - URL: /logout - METHOD: GET
[2024-12-15 22:12:25] IP: ::1 - URL: /outros_projetos - METHOD: GET
[2024-12-15 22:12:27] IP: ::1 - URL: /outros_projetos - METHOD: GET
[2024-12-15 22:12:28] IP: ::1 - URL: /meus_projetos - METHOD: GET
[2024-12-15 22:12:34] IP: ::1 - URL: /meus_projetos - METHOD: GET
[2024-12-15 22:12:54] IP: ::1 - URL: /meus_projetos - METHOD: GET
[2024-12-15 22:12:00] IP: ::1 - URL: /meus_projetos - METHOD: GET
[2024-12-15 22:12:53] IP: ::1 - URL: /meus_projetos - METHOD: GET
[2024-12-15 22:12:54] IP: ::1 - URL: /meus_projetos - METHOD: GET
[2024-12-15 22:12:30] IP: ::1 - URL: /meus_projetos - METHOD: GET
[2024-12-15 22:12:10] IP: ::1 - URL: /meus_projetos - METHOD: GET
[2024-12-15 22:12:08] IP: ::1 - URL: /meus_projetos - METHOD: GET
