[15-Dec-2024 00:06:48 UTC] PHP Warning:  Undefined array key "users_id" in C:\wamp64\www\tcc-math\controllers\ProjetoController.php on line 42
[15-Dec-2024 00:06:48 UTC] PHP Stack trace:
[15-Dec-2024 00:06:48 UTC] PHP   1. {main}() C:\wamp64\www\tcc-math\index.php:0
[15-Dec-2024 00:06:48 UTC] PHP   2. Router->run($requestUri = '/cadastrar_Projeto') C:\wamp64\www\tcc-math\index.php:16
[15-Dec-2024 00:06:48 UTC] PHP   3. RouteSwitch->Cadastrar_projeto() C:\wamp64\www\tcc-math\routes\Router.php:19
[15-Dec-2024 00:06:48 UTC] PHP   4. ProjetoController->cadastrar($dados = ['title' => 'po', 'description' => 'po', 'languages' => 'po', 'framework' => 'po']) C:\wamp64\www\tcc-math\routes\RouteSwitch.php:47
[15-Dec-2024 00:06:48 UTC] Erro ao cadastrar projeto: SQLSTATE[HY093]: Invalid parameter number: number of bound variables does not match number of tokens
[15-Dec-2024 00:36:16 UTC] PHP Warning:  require_once(C:\wamp64\www\tcc-math\views/../controllers/LoginCon.php): Failed to open stream: No such file or directory in C:\wamp64\www\tcc-math\views\login.php on line 1
[15-Dec-2024 00:36:16 UTC] PHP Stack trace:
[15-Dec-2024 00:36:16 UTC] PHP   1. {main}() C:\wamp64\www\tcc-math\index.php:0
[15-Dec-2024 00:36:16 UTC] PHP   2. Router->run($requestUri = '/login') C:\wamp64\www\tcc-math\index.php:16
[15-Dec-2024 00:36:16 UTC] PHP   3. RouteSwitch->login() C:\wamp64\www\tcc-math\routes\Router.php:19
[15-Dec-2024 00:36:16 UTC] PHP   4. require() C:\wamp64\www\tcc-math\routes\RouteSwitch.php:28
[15-Dec-2024 00:36:16 UTC] PHP Fatal error:  Uncaught Error: Failed opening required 'C:\wamp64\www\tcc-math\views/../controllers/LoginCon.php' (include_path='.;C:\php\pear') in C:\wamp64\www\tcc-math\views\login.php:1
Stack trace:
#0 C:\wamp64\www\tcc-math\routes\RouteSwitch.php(28): require()
#1 C:\wamp64\www\tcc-math\routes\Router.php(19): RouteSwitch->login()
#2 C:\wamp64\www\tcc-math\index.php(16): Router->run('/login')
#3 {main}
  thrown in C:\wamp64\www\tcc-math\views\login.php on line 1
[15-Dec-2024 00:37:39 UTC] PHP Warning:  require_once(C:\wamp64\www\tcc-math\views/../controllers/LoginCon.php): Failed to open stream: No such file or directory in C:\wamp64\www\tcc-math\views\login.php on line 1
[15-Dec-2024 00:37:39 UTC] PHP Stack trace:
[15-Dec-2024 00:37:39 UTC] PHP   1. {main}() C:\wamp64\www\tcc-math\index.php:0
[15-Dec-2024 00:37:39 UTC] PHP   2. Router->run($requestUri = '/login') C:\wamp64\www\tcc-math\index.php:16
[15-Dec-2024 00:37:39 UTC] PHP   3. RouteSwitch->login() C:\wamp64\www\tcc-math\routes\Router.php:19
[15-Dec-2024 00:37:39 UTC] PHP   4. require() C:\wamp64\www\tcc-math\routes\RouteSwitch.php:28
[15-Dec-2024 00:37:39 UTC] PHP Fatal error:  Uncaught Error: Failed opening required 'C:\wamp64\www\tcc-math\views/../controllers/LoginCon.php' (include_path='.;C:\php\pear') in C:\wamp64\www\tcc-math\views\login.php:1
Stack trace:
#0 C:\wamp64\www\tcc-math\routes\RouteSwitch.php(28): require()
#1 C:\wamp64\www\tcc-math\routes\Router.php(19): RouteSwitch->login()
#2 C:\wamp64\www\tcc-math\index.php(16): Router->run('/login')
#3 {main}
  thrown in C:\wamp64\www\tcc-math\views\login.php on line 1
[15-Dec-2024 00:37:52 UTC] PHP Warning:  require_once(C:\wamp64\www\tcc-math\views/../controllers/LoginCon.php): Failed to open stream: No such file or directory in C:\wamp64\www\tcc-math\views\login.php on line 1
[15-Dec-2024 00:37:52 UTC] PHP Stack trace:
[15-Dec-2024 00:37:52 UTC] PHP   1. {main}() C:\wamp64\www\tcc-math\index.php:0
[15-Dec-2024 00:37:52 UTC] PHP   2. Router->run($requestUri = '/login') C:\wamp64\www\tcc-math\index.php:16
[15-Dec-2024 00:37:52 UTC] PHP   3. RouteSwitch->login() C:\wamp64\www\tcc-math\routes\Router.php:19
[15-Dec-2024 00:37:52 UTC] PHP   4. require() C:\wamp64\www\tcc-math\routes\RouteSwitch.php:28
[15-Dec-2024 00:37:52 UTC] PHP Fatal error:  Uncaught Error: Failed opening required 'C:\wamp64\www\tcc-math\views/../controllers/LoginCon.php' (include_path='.;C:\php\pear') in C:\wamp64\www\tcc-math\views\login.php:1
Stack trace:
#0 C:\wamp64\www\tcc-math\routes\RouteSwitch.php(28): require()
#1 C:\wamp64\www\tcc-math\routes\Router.php(19): RouteSwitch->login()
#2 C:\wamp64\www\tcc-math\index.php(16): Router->run('/login')
#3 {main}
  thrown in C:\wamp64\www\tcc-math\views\login.php on line 1
[15-Dec-2024 00:38:44 UTC] PHP Warning:  require_once(C:\wamp64\www\tcc-math\views/../controllers/LoginCon.php): Failed to open stream: No such file or directory in C:\wamp64\www\tcc-math\views\login.php on line 1
[15-Dec-2024 00:38:44 UTC] PHP Stack trace:
[15-Dec-2024 00:38:44 UTC] PHP   1. {main}() C:\wamp64\www\tcc-math\index.php:0
[15-Dec-2024 00:38:44 UTC] PHP   2. Router->run($requestUri = '/login') C:\wamp64\www\tcc-math\index.php:16
[15-Dec-2024 00:38:44 UTC] PHP   3. RouteSwitch->login() C:\wamp64\www\tcc-math\routes\Router.php:19
[15-Dec-2024 00:38:44 UTC] PHP   4. require() C:\wamp64\www\tcc-math\routes\RouteSwitch.php:28
[15-Dec-2024 00:38:44 UTC] PHP Fatal error:  Uncaught Error: Failed opening required 'C:\wamp64\www\tcc-math\views/../controllers/LoginCon.php' (include_path='.;C:\php\pear') in C:\wamp64\www\tcc-math\views\login.php:1
Stack trace:
#0 C:\wamp64\www\tcc-math\routes\RouteSwitch.php(28): require()
#1 C:\wamp64\www\tcc-math\routes\Router.php(19): RouteSwitch->login()
#2 C:\wamp64\www\tcc-math\index.php(16): Router->run('/login')
#3 {main}
  thrown in C:\wamp64\www\tcc-math\views\login.php on line 1
[15-Dec-2024 00:39:14 UTC] PHP Warning:  Undefined array key "senha" in C:\wamp64\www\tcc-math\routes\RouteSwitch.php on line 68
[15-Dec-2024 00:39:14 UTC] PHP Stack trace:
[15-Dec-2024 00:39:14 UTC] PHP   1. {main}() C:\wamp64\www\tcc-math\index.php:0
[15-Dec-2024 00:39:14 UTC] PHP   2. Router->run($requestUri = '/logar') C:\wamp64\www\tcc-math\index.php:16
[15-Dec-2024 00:39:14 UTC] PHP   3. RouteSwitch->logar() C:\wamp64\www\tcc-math\routes\Router.php:19
[15-Dec-2024 00:39:14 UTC] PHP Warning:  Undefined variable $pdo in C:\wamp64\www\tcc-math\controllers\Autenticacao.php on line 22
[15-Dec-2024 00:39:14 UTC] PHP Stack trace:
[15-Dec-2024 00:39:14 UTC] PHP   1. {main}() C:\wamp64\www\tcc-math\index.php:0
[15-Dec-2024 00:39:14 UTC] PHP   2. Router->run($requestUri = '/logar') C:\wamp64\www\tcc-math\index.php:16
[15-Dec-2024 00:39:14 UTC] PHP   3. RouteSwitch->logar() C:\wamp64\www\tcc-math\routes\Router.php:19
[15-Dec-2024 00:39:14 UTC] PHP   4. Autenticacao::logar($email = 'cesarduarteimperador3@gmail.com', $senha = NULL) C:\wamp64\www\tcc-math\routes\RouteSwitch.php:68
[15-Dec-2024 00:39:14 UTC] PHP Fatal error:  Uncaught Error: Call to a member function prepare() on null in C:\wamp64\www\tcc-math\controllers\Autenticacao.php:22
Stack trace:
#0 C:\wamp64\www\tcc-math\routes\RouteSwitch.php(68): Autenticacao::logar('cesarduarteimpe...', NULL)
#1 C:\wamp64\www\tcc-math\routes\Router.php(19): RouteSwitch->logar()
#2 C:\wamp64\www\tcc-math\index.php(16): Router->run('/logar')
#3 {main}
  thrown in C:\wamp64\www\tcc-math\controllers\Autenticacao.php on line 22
[15-Dec-2024 00:42:00 UTC] PHP Warning:  Undefined array key "senha" in C:\wamp64\www\tcc-math\routes\RouteSwitch.php on line 68
[15-Dec-2024 00:42:00 UTC] PHP Stack trace:
[15-Dec-2024 00:42:00 UTC] PHP   1. {main}() C:\wamp64\www\tcc-math\index.php:0
[15-Dec-2024 00:42:00 UTC] PHP   2. Router->run($requestUri = '/logar') C:\wamp64\www\tcc-math\index.php:16
[15-Dec-2024 00:42:00 UTC] PHP   3. RouteSwitch->logar() C:\wamp64\www\tcc-math\routes\Router.php:19
[15-Dec-2024 00:42:00 UTC] PHP Warning:  Undefined variable $pdo in C:\wamp64\www\tcc-math\controllers\Autenticacao.php on line 22
[15-Dec-2024 00:42:00 UTC] PHP Stack trace:
[15-Dec-2024 00:42:00 UTC] PHP   1. {main}() C:\wamp64\www\tcc-math\index.php:0
[15-Dec-2024 00:42:00 UTC] PHP   2. Router->run($requestUri = '/logar') C:\wamp64\www\tcc-math\index.php:16
[15-Dec-2024 00:42:00 UTC] PHP   3. RouteSwitch->logar() C:\wamp64\www\tcc-math\routes\Router.php:19
[15-Dec-2024 00:42:00 UTC] PHP   4. Autenticacao::logar($email = 'cesarduarteimperador3@gmail.com', $senha = NULL) C:\wamp64\www\tcc-math\routes\RouteSwitch.php:68
[15-Dec-2024 00:42:00 UTC] PHP Fatal error:  Uncaught Error: Call to a member function prepare() on null in C:\wamp64\www\tcc-math\controllers\Autenticacao.php:22
Stack trace:
#0 C:\wamp64\www\tcc-math\routes\RouteSwitch.php(68): Autenticacao::logar('cesarduarteimpe...', NULL)
#1 C:\wamp64\www\tcc-math\routes\Router.php(19): RouteSwitch->logar()
#2 C:\wamp64\www\tcc-math\index.php(16): Router->run('/logar')
#3 {main}
  thrown in C:\wamp64\www\tcc-math\controllers\Autenticacao.php on line 22
[15-Dec-2024 00:43:00 UTC] PHP Warning:  Undefined variable $pdo in C:\wamp64\www\tcc-math\controllers\Autenticacao.php on line 22
[15-Dec-2024 00:43:00 UTC] PHP Stack trace:
[15-Dec-2024 00:43:00 UTC] PHP   1. {main}() C:\wamp64\www\tcc-math\index.php:0
[15-Dec-2024 00:43:00 UTC] PHP   2. Router->run($requestUri = '/logar') C:\wamp64\www\tcc-math\index.php:16
[15-Dec-2024 00:43:00 UTC] PHP   3. RouteSwitch->logar() C:\wamp64\www\tcc-math\routes\Router.php:19
[15-Dec-2024 00:43:00 UTC] PHP   4. Autenticacao::logar($email = 'cesarduarteimperador3@gmail.com', $senha = '123456') C:\wamp64\www\tcc-math\routes\RouteSwitch.php:68
[15-Dec-2024 00:43:00 UTC] PHP Fatal error:  Uncaught Error: Call to a member function prepare() on null in C:\wamp64\www\tcc-math\controllers\Autenticacao.php:22
Stack trace:
#0 C:\wamp64\www\tcc-math\routes\RouteSwitch.php(68): Autenticacao::logar('cesarduarteimpe...', '123456')
#1 C:\wamp64\www\tcc-math\routes\Router.php(19): RouteSwitch->logar()
#2 C:\wamp64\www\tcc-math\index.php(16): Router->run('/logar')
#3 {main}
  thrown in C:\wamp64\www\tcc-math\controllers\Autenticacao.php on line 22
[15-Dec-2024 00:48:07 UTC] PHP Warning:  Undefined variable $pdo in C:\wamp64\www\tcc-math\controllers\Autenticacao.php on line 22
[15-Dec-2024 00:48:07 UTC] PHP Stack trace:
[15-Dec-2024 00:48:07 UTC] PHP   1. {main}() C:\wamp64\www\tcc-math\index.php:0
[15-Dec-2024 00:48:07 UTC] PHP   2. Router->run($requestUri = '/logar') C:\wamp64\www\tcc-math\index.php:16
[15-Dec-2024 00:48:07 UTC] PHP   3. RouteSwitch->logar() C:\wamp64\www\tcc-math\routes\Router.php:19
[15-Dec-2024 00:48:07 UTC] PHP   4. Autenticacao::logar($email = 'cesarduarteimperador3@gmail.com', $senha = '123456') C:\wamp64\www\tcc-math\routes\RouteSwitch.php:68
[15-Dec-2024 00:48:07 UTC] PHP Fatal error:  Uncaught Error: Call to a member function prepare() on null in C:\wamp64\www\tcc-math\controllers\Autenticacao.php:22
Stack trace:
#0 C:\wamp64\www\tcc-math\routes\RouteSwitch.php(68): Autenticacao::logar('cesarduarteimpe...', '123456')
#1 C:\wamp64\www\tcc-math\routes\Router.php(19): RouteSwitch->logar()
#2 C:\wamp64\www\tcc-math\index.php(16): Router->run('/logar')
#3 {main}
  thrown in C:\wamp64\www\tcc-math\controllers\Autenticacao.php on line 22
[15-Dec-2024 00:51:08 UTC] PHP Warning:  Undefined variable $pdo in C:\wamp64\www\tcc-math\controllers\Autenticacao.php on line 22
[15-Dec-2024 00:51:08 UTC] PHP Stack trace:
[15-Dec-2024 00:51:08 UTC] PHP   1. {main}() C:\wamp64\www\tcc-math\index.php:0
[15-Dec-2024 00:51:08 UTC] PHP   2. Router->run($requestUri = '/logar') C:\wamp64\www\tcc-math\index.php:16
[15-Dec-2024 00:51:08 UTC] PHP   3. RouteSwitch->logar() C:\wamp64\www\tcc-math\routes\Router.php:19
[15-Dec-2024 00:51:08 UTC] PHP   4. Autenticacao::logar($email = 'cesarduarteimperador3@gmail.com', $senha = '123456') C:\wamp64\www\tcc-math\routes\RouteSwitch.php:68
[15-Dec-2024 00:51:08 UTC] PHP Fatal error:  Uncaught Error: Call to a member function prepare() on null in C:\wamp64\www\tcc-math\controllers\Autenticacao.php:22
Stack trace:
#0 C:\wamp64\www\tcc-math\routes\RouteSwitch.php(68): Autenticacao::logar('cesarduarteimpe...', '123456')
#1 C:\wamp64\www\tcc-math\routes\Router.php(19): RouteSwitch->logar()
#2 C:\wamp64\www\tcc-math\index.php(16): Router->run('/logar')
#3 {main}
  thrown in C:\wamp64\www\tcc-math\controllers\Autenticacao.php on line 22
[15-Dec-2024 00:51:16 UTC] PHP Warning:  Undefined variable $pdo in C:\wamp64\www\tcc-math\controllers\Autenticacao.php on line 22
[15-Dec-2024 00:51:16 UTC] PHP Stack trace:
[15-Dec-2024 00:51:16 UTC] PHP   1. {main}() C:\wamp64\www\tcc-math\index.php:0
[15-Dec-2024 00:51:16 UTC] PHP   2. Router->run($requestUri = '/logar') C:\wamp64\www\tcc-math\index.php:16
[15-Dec-2024 00:51:16 UTC] PHP   3. RouteSwitch->logar() C:\wamp64\www\tcc-math\routes\Router.php:19
[15-Dec-2024 00:51:16 UTC] PHP   4. Autenticacao::logar($email = 'cesarduarteimperador3@gmail.com', $senha = '123456') C:\wamp64\www\tcc-math\routes\RouteSwitch.php:68
[15-Dec-2024 00:51:16 UTC] PHP Fatal error:  Uncaught Error: Call to a member function prepare() on null in C:\wamp64\www\tcc-math\controllers\Autenticacao.php:22
Stack trace:
#0 C:\wamp64\www\tcc-math\routes\RouteSwitch.php(68): Autenticacao::logar('cesarduarteimpe...', '123456')
#1 C:\wamp64\www\tcc-math\routes\Router.php(19): RouteSwitch->logar()
#2 C:\wamp64\www\tcc-math\index.php(16): Router->run('/logar')
#3 {main}
  thrown in C:\wamp64\www\tcc-math\controllers\Autenticacao.php on line 22
[15-Dec-2024 00:51:19 UTC] PHP Warning:  Undefined variable $pdo in C:\wamp64\www\tcc-math\controllers\Autenticacao.php on line 22
[15-Dec-2024 00:51:19 UTC] PHP Stack trace:
[15-Dec-2024 00:51:19 UTC] PHP   1. {main}() C:\wamp64\www\tcc-math\index.php:0
[15-Dec-2024 00:51:19 UTC] PHP   2. Router->run($requestUri = '/logar') C:\wamp64\www\tcc-math\index.php:16
[15-Dec-2024 00:51:19 UTC] PHP   3. RouteSwitch->logar() C:\wamp64\www\tcc-math\routes\Router.php:19
[15-Dec-2024 00:51:19 UTC] PHP   4. Autenticacao::logar($email = 'cesarduarteimperador3@gmail.com', $senha = '123456') C:\wamp64\www\tcc-math\routes\RouteSwitch.php:68
[15-Dec-2024 00:51:19 UTC] PHP Fatal error:  Uncaught Error: Call to a member function prepare() on null in C:\wamp64\www\tcc-math\controllers\Autenticacao.php:22
Stack trace:
#0 C:\wamp64\www\tcc-math\routes\RouteSwitch.php(68): Autenticacao::logar('cesarduarteimpe...', '123456')
#1 C:\wamp64\www\tcc-math\routes\Router.php(19): RouteSwitch->logar()
#2 C:\wamp64\www\tcc-math\index.php(16): Router->run('/logar')
#3 {main}
  thrown in C:\wamp64\www\tcc-math\controllers\Autenticacao.php on line 22
[15-Dec-2024 00:58:41 UTC] PHP Warning:  Undefined array key "users_id" in C:\wamp64\www\tcc-math\controllers\ProjetoController.php on line 42
[15-Dec-2024 00:58:41 UTC] PHP Stack trace:
[15-Dec-2024 00:58:41 UTC] PHP   1. {main}() C:\wamp64\www\tcc-math\index.php:0
[15-Dec-2024 00:58:41 UTC] PHP   2. Router->run($requestUri = '/cadastrar_Projeto') C:\wamp64\www\tcc-math\index.php:12
[15-Dec-2024 00:58:41 UTC] PHP   3. RouteSwitch->Cadastrar_projeto() C:\wamp64\www\tcc-math\routes\Router.php:19
[15-Dec-2024 00:58:41 UTC] PHP   4. ProjetoController->cadastrar($dados = ['title' => 'po', 'description' => 'po', 'languages' => 'po', 'framework' => 'po']) C:\wamp64\www\tcc-math\routes\RouteSwitch.php:48
[15-Dec-2024 00:58:41 UTC] Erro ao cadastrar projeto: SQLSTATE[HY093]: Invalid parameter number: number of bound variables does not match number of tokens
[15-Dec-2024 01:00:42 UTC] PHP Notice:  session_start(): Ignoring session_start() because a session is already active in C:\wamp64\www\tcc-math\controllers\ProjetoController.php on line 3
[15-Dec-2024 01:00:42 UTC] PHP Stack trace:
[15-Dec-2024 01:00:42 UTC] PHP   1. {main}() C:\wamp64\www\tcc-math\index.php:0
[15-Dec-2024 01:00:42 UTC] PHP   2. require_once() C:\wamp64\www\tcc-math\index.php:8
[15-Dec-2024 01:00:42 UTC] PHP   3. require_once() C:\wamp64\www\tcc-math\routes\Router.php:3
[15-Dec-2024 01:00:42 UTC] PHP   4. require_once() C:\wamp64\www\tcc-math\routes\RouteSwitch.php:4
[15-Dec-2024 01:00:42 UTC] PHP   5. session_start() C:\wamp64\www\tcc-math\controllers\ProjetoController.php:3
[15-Dec-2024 01:00:47 UTC] PHP Notice:  session_start(): Ignoring session_start() because a session is already active in C:\wamp64\www\tcc-math\controllers\ProjetoController.php on line 3
[15-Dec-2024 01:00:47 UTC] PHP Stack trace:
[15-Dec-2024 01:00:47 UTC] PHP   1. {main}() C:\wamp64\www\tcc-math\index.php:0
[15-Dec-2024 01:00:47 UTC] PHP   2. require_once() C:\wamp64\www\tcc-math\index.php:8
[15-Dec-2024 01:00:47 UTC] PHP   3. require_once() C:\wamp64\www\tcc-math\routes\Router.php:3
[15-Dec-2024 01:00:47 UTC] PHP   4. require_once() C:\wamp64\www\tcc-math\routes\RouteSwitch.php:4
[15-Dec-2024 01:00:47 UTC] PHP   5. session_start() C:\wamp64\www\tcc-math\controllers\ProjetoController.php:3
[15-Dec-2024 01:00:47 UTC] PHP Notice:  session_start(): Ignoring session_start() because a session is already active in C:\wamp64\www\tcc-math\routes\RouteSwitch.php on line 11
[15-Dec-2024 01:00:47 UTC] PHP Stack trace:
[15-Dec-2024 01:00:47 UTC] PHP   1. {main}() C:\wamp64\www\tcc-math\index.php:0
[15-Dec-2024 01:00:47 UTC] PHP   2. Router->run($requestUri = '/') C:\wamp64\www\tcc-math\index.php:13
[15-Dec-2024 01:00:47 UTC] PHP   3. RouteSwitch->home() C:\wamp64\www\tcc-math\routes\Router.php:17
[15-Dec-2024 01:00:47 UTC] PHP   4. session_start() C:\wamp64\www\tcc-math\routes\RouteSwitch.php:11
[15-Dec-2024 01:00:49 UTC] PHP Notice:  session_start(): Ignoring session_start() because a session is already active in C:\wamp64\www\tcc-math\controllers\ProjetoController.php on line 3
[15-Dec-2024 01:00:49 UTC] PHP Stack trace:
[15-Dec-2024 01:00:49 UTC] PHP   1. {main}() C:\wamp64\www\tcc-math\index.php:0
[15-Dec-2024 01:00:49 UTC] PHP   2. require_once() C:\wamp64\www\tcc-math\index.php:8
[15-Dec-2024 01:00:49 UTC] PHP   3. require_once() C:\wamp64\www\tcc-math\routes\Router.php:3
[15-Dec-2024 01:00:49 UTC] PHP   4. require_once() C:\wamp64\www\tcc-math\routes\RouteSwitch.php:4
[15-Dec-2024 01:00:49 UTC] PHP   5. session_start() C:\wamp64\www\tcc-math\controllers\ProjetoController.php:3
[15-Dec-2024 01:00:49 UTC] PHP Notice:  session_start(): Ignoring session_start() because a session is already active in C:\wamp64\www\tcc-math\routes\RouteSwitch.php on line 11
[15-Dec-2024 01:00:49 UTC] PHP Stack trace:
[15-Dec-2024 01:00:49 UTC] PHP   1. {main}() C:\wamp64\www\tcc-math\index.php:0
[15-Dec-2024 01:00:49 UTC] PHP   2. Router->run($requestUri = '/') C:\wamp64\www\tcc-math\index.php:13
[15-Dec-2024 01:00:49 UTC] PHP   3. RouteSwitch->home() C:\wamp64\www\tcc-math\routes\Router.php:17
[15-Dec-2024 01:00:49 UTC] PHP   4. session_start() C:\wamp64\www\tcc-math\routes\RouteSwitch.php:11
[15-Dec-2024 01:01:29 UTC] PHP Warning:  Undefined array key "password" in C:\wamp64\www\tcc-math\routes\RouteSwitch.php on line 68
[15-Dec-2024 01:01:29 UTC] PHP Stack trace:
[15-Dec-2024 01:01:29 UTC] PHP   1. {main}() C:\wamp64\www\tcc-math\index.php:0
[15-Dec-2024 01:01:29 UTC] PHP   2. Router->run($requestUri = '/logar') C:\wamp64\www\tcc-math\index.php:13
[15-Dec-2024 01:01:29 UTC] PHP   3. RouteSwitch->logar() C:\wamp64\www\tcc-math\routes\Router.php:19
[15-Dec-2024 01:01:29 UTC] PHP Fatal error:  Uncaught PDOException: SQLSTATE[HY093]: Invalid parameter number: number of bound variables does not match number of tokens in C:\wamp64\www\tcc-math\controllers\Autenticacao.php:29
Stack trace:
#0 C:\wamp64\www\tcc-math\controllers\Autenticacao.php(29): PDOStatement->execute(Array)
#1 C:\wamp64\www\tcc-math\routes\RouteSwitch.php(68): Autenticacao::logar('cesarduarteimpe...', NULL)
#2 C:\wamp64\www\tcc-math\routes\Router.php(19): RouteSwitch->logar()
#3 C:\wamp64\www\tcc-math\index.php(13): Router->run('/logar')
#4 {main}
  thrown in C:\wamp64\www\tcc-math\controllers\Autenticacao.php on line 29
[15-Dec-2024 01:02:47 UTC] PHP Warning:  Undefined array key "password" in C:\wamp64\www\tcc-math\routes\RouteSwitch.php on line 68
[15-Dec-2024 01:02:47 UTC] PHP Stack trace:
[15-Dec-2024 01:02:47 UTC] PHP   1. {main}() C:\wamp64\www\tcc-math\index.php:0
[15-Dec-2024 01:02:47 UTC] PHP   2. Router->run($requestUri = '/logar') C:\wamp64\www\tcc-math\index.php:13
[15-Dec-2024 01:02:47 UTC] PHP   3. RouteSwitch->logar() C:\wamp64\www\tcc-math\routes\Router.php:19
[15-Dec-2024 01:02:47 UTC] PHP Fatal error:  Uncaught TypeError: PDOStatement::execute(): Argument #1 ($params) must be of type ?array, string given in C:\wamp64\www\tcc-math\controllers\Autenticacao.php:29
Stack trace:
#0 C:\wamp64\www\tcc-math\controllers\Autenticacao.php(29): PDOStatement->execute('cesarduarteimpe...')
#1 C:\wamp64\www\tcc-math\routes\RouteSwitch.php(68): Autenticacao::logar('cesarduarteimpe...', NULL)
#2 C:\wamp64\www\tcc-math\routes\Router.php(19): RouteSwitch->logar()
#3 C:\wamp64\www\tcc-math\index.php(13): Router->run('/logar')
#4 {main}
  thrown in C:\wamp64\www\tcc-math\controllers\Autenticacao.php on line 29
[15-Dec-2024 01:04:12 UTC] PHP Warning:  Undefined array key "password" in C:\wamp64\www\tcc-math\routes\RouteSwitch.php on line 68
[15-Dec-2024 01:04:12 UTC] PHP Stack trace:
[15-Dec-2024 01:04:12 UTC] PHP   1. {main}() C:\wamp64\www\tcc-math\index.php:0
[15-Dec-2024 01:04:12 UTC] PHP   2. Router->run($requestUri = '/logar') C:\wamp64\www\tcc-math\index.php:13
[15-Dec-2024 01:04:12 UTC] PHP   3. RouteSwitch->logar() C:\wamp64\www\tcc-math\routes\Router.php:19
[15-Dec-2024 01:04:12 UTC] PHP Fatal error:  Uncaught TypeError: PDOStatement::execute(): Argument #1 ($params) must be of type ?array, string given in C:\wamp64\www\tcc-math\controllers\Autenticacao.php:29
Stack trace:
#0 C:\wamp64\www\tcc-math\controllers\Autenticacao.php(29): PDOStatement->execute('cesarduarteimpe...')
#1 C:\wamp64\www\tcc-math\routes\RouteSwitch.php(68): Autenticacao::logar('cesarduarteimpe...', NULL)
#2 C:\wamp64\www\tcc-math\routes\Router.php(19): RouteSwitch->logar()
#3 C:\wamp64\www\tcc-math\index.php(13): Router->run('/logar')
#4 {main}
  thrown in C:\wamp64\www\tcc-math\controllers\Autenticacao.php on line 29
[15-Dec-2024 01:04:22 UTC] PHP Warning:  Undefined array key "password" in C:\wamp64\www\tcc-math\routes\RouteSwitch.php on line 68
[15-Dec-2024 01:04:22 UTC] PHP Stack trace:
[15-Dec-2024 01:04:22 UTC] PHP   1. {main}() C:\wamp64\www\tcc-math\index.php:0
[15-Dec-2024 01:04:22 UTC] PHP   2. Router->run($requestUri = '/logar') C:\wamp64\www\tcc-math\index.php:13
[15-Dec-2024 01:04:22 UTC] PHP   3. RouteSwitch->logar() C:\wamp64\www\tcc-math\routes\Router.php:19
[15-Dec-2024 01:04:22 UTC] PHP Fatal error:  Uncaught TypeError: PDOStatement::execute(): Argument #1 ($params) must be of type ?array, string given in C:\wamp64\www\tcc-math\controllers\Autenticacao.php:29
Stack trace:
#0 C:\wamp64\www\tcc-math\controllers\Autenticacao.php(29): PDOStatement->execute('cesarduarteimpe...')
#1 C:\wamp64\www\tcc-math\routes\RouteSwitch.php(68): Autenticacao::logar('cesarduarteimpe...', NULL)
#2 C:\wamp64\www\tcc-math\routes\Router.php(19): RouteSwitch->logar()
#3 C:\wamp64\www\tcc-math\index.php(13): Router->run('/logar')
#4 {main}
  thrown in C:\wamp64\www\tcc-math\controllers\Autenticacao.php on line 29
[15-Dec-2024 01:05:51 UTC] PHP Fatal error:  Uncaught TypeError: PDOStatement::execute(): Argument #1 ($params) must be of type ?array, string given in C:\wamp64\www\tcc-math\controllers\Autenticacao.php:29
Stack trace:
#0 C:\wamp64\www\tcc-math\controllers\Autenticacao.php(29): PDOStatement->execute('cesarduarteimpe...')
#1 C:\wamp64\www\tcc-math\routes\RouteSwitch.php(68): Autenticacao::logar('cesarduarteimpe...', '123456')
#2 C:\wamp64\www\tcc-math\routes\Router.php(19): RouteSwitch->logar()
#3 C:\wamp64\www\tcc-math\index.php(13): Router->run('/logar')
#4 {main}
  thrown in C:\wamp64\www\tcc-math\controllers\Autenticacao.php on line 29
[15-Dec-2024 01:16:37 UTC] PHP Warning:  require_once(C:\wamp64\www\tcc-math\controllerscontrollers/ProjetoController.php): Failed to open stream: No such file or directory in C:\wamp64\www\tcc-math\controllers\ProjetoController.php on line 3
[15-Dec-2024 01:16:37 UTC] PHP Stack trace:
[15-Dec-2024 01:16:37 UTC] PHP   1. {main}() C:\wamp64\www\tcc-math\index.php:0
[15-Dec-2024 01:16:37 UTC] PHP   2. require_once() C:\wamp64\www\tcc-math\index.php:44
[15-Dec-2024 01:16:37 UTC] PHP   3. require_once() C:\wamp64\www\tcc-math\routes\Router.php:3
[15-Dec-2024 01:16:37 UTC] PHP   4. require_once() C:\wamp64\www\tcc-math\routes\RouteSwitch.php:4
[15-Dec-2024 01:16:37 UTC] PHP Fatal error:  Uncaught Error: Failed opening required 'C:\wamp64\www\tcc-math\controllerscontrollers/ProjetoController.php' (include_path='.;C:\php\pear') in C:\wamp64\www\tcc-math\controllers\ProjetoController.php:3
Stack trace:
#0 C:\wamp64\www\tcc-math\routes\RouteSwitch.php(4): require_once()
#1 C:\wamp64\www\tcc-math\routes\Router.php(3): require_once('C:\\wamp64\\www\\t...')
#2 C:\wamp64\www\tcc-math\index.php(44): require_once('C:\\wamp64\\www\\t...')
#3 {main}
  thrown in C:\wamp64\www\tcc-math\controllers\ProjetoController.php on line 3
[15-Dec-2024 01:17:18 UTC] PHP Warning:  Undefined array key "users_id" in C:\wamp64\www\tcc-math\controllers\ProjetoController.php on line 43
[15-Dec-2024 01:17:18 UTC] PHP Stack trace:
[15-Dec-2024 01:17:18 UTC] PHP   1. {main}() C:\wamp64\www\tcc-math\index.php:0
[15-Dec-2024 01:17:18 UTC] PHP   2. Router->run($requestUri = '/cadastrar_Projeto') C:\wamp64\www\tcc-math\index.php:54
[15-Dec-2024 01:17:18 UTC] PHP   3. RouteSwitch->Cadastrar_projeto() C:\wamp64\www\tcc-math\routes\Router.php:19
[15-Dec-2024 01:17:18 UTC] PHP   4. ProjetoController->cadastrar($dados = ['title' => 'po', 'description' => 'po', 'languages' => 'po', 'framework' => 'po']) C:\wamp64\www\tcc-math\routes\RouteSwitch.php:48
[15-Dec-2024 01:17:18 UTC] Erro ao cadastrar projeto: SQLSTATE[HY093]: Invalid parameter number: number of bound variables does not match number of tokens
[15-Dec-2024 01:17:46 UTC] PHP Warning:  Undefined array key "users_id" in C:\wamp64\www\tcc-math\controllers\ProjetoController.php on line 43
[15-Dec-2024 01:17:46 UTC] PHP Stack trace:
[15-Dec-2024 01:17:46 UTC] PHP   1. {main}() C:\wamp64\www\tcc-math\index.php:0
[15-Dec-2024 01:17:46 UTC] PHP   2. Router->run($requestUri = '/cadastrar_Projeto') C:\wamp64\www\tcc-math\index.php:54
[15-Dec-2024 01:17:46 UTC] PHP   3. RouteSwitch->Cadastrar_projeto() C:\wamp64\www\tcc-math\routes\Router.php:19
[15-Dec-2024 01:17:46 UTC] PHP   4. ProjetoController->cadastrar($dados = ['title' => 'po', 'description' => 'po', 'languages' => 'po', 'framework' => 'po']) C:\wamp64\www\tcc-math\routes\RouteSwitch.php:48
[15-Dec-2024 01:17:46 UTC] Erro ao cadastrar projeto: SQLSTATE[HY093]: Invalid parameter number: number of bound variables does not match number of tokens
[15-Dec-2024 01:39:02 UTC] PHP Fatal error:  Cannot declare class db, because the name is already in use in C:\wamp64\www\tcc-math\includes\db.php on line 2
[15-Dec-2024 01:39:02 UTC] PHP Stack trace:
[15-Dec-2024 01:39:02 UTC] PHP   1. {main}() C:\wamp64\www\tcc-math\index.php:0
[15-Dec-2024 01:39:02 UTC] PHP   2. Router->run($requestUri = '/outros_projetos') C:\wamp64\www\tcc-math\index.php:30
[15-Dec-2024 01:39:02 UTC] PHP   3. RouteSwitch->outros_projetos() C:\wamp64\www\tcc-math\routes\Router.php:19
[15-Dec-2024 01:39:02 UTC] PHP   4. require() C:\wamp64\www\tcc-math\routes\RouteSwitch.php:62
[15-Dec-2024 01:40:55 UTC] PHP Warning:  Undefined array key "user_id" in C:\wamp64\www\tcc-math\views\match.php on line 3
[15-Dec-2024 01:40:55 UTC] PHP Stack trace:
[15-Dec-2024 01:40:55 UTC] PHP   1. {main}() C:\wamp64\www\tcc-math\index.php:0
[15-Dec-2024 01:40:55 UTC] PHP   2. Router->run($requestUri = '/outros_projetos') C:\wamp64\www\tcc-math\index.php:30
[15-Dec-2024 01:40:55 UTC] PHP   3. RouteSwitch->outros_projetos() C:\wamp64\www\tcc-math\routes\Router.php:19
[15-Dec-2024 01:40:55 UTC] PHP   4. require() C:\wamp64\www\tcc-math\routes\RouteSwitch.php:62
[15-Dec-2024 01:40:55 UTC] PHP Warning:  Undefined variable $pdo in C:\wamp64\www\tcc-math\views\match.php on line 6
[15-Dec-2024 01:40:55 UTC] PHP Stack trace:
[15-Dec-2024 01:40:55 UTC] PHP   1. {main}() C:\wamp64\www\tcc-math\index.php:0
[15-Dec-2024 01:40:55 UTC] PHP   2. Router->run($requestUri = '/outros_projetos') C:\wamp64\www\tcc-math\index.php:30
[15-Dec-2024 01:40:55 UTC] PHP   3. RouteSwitch->outros_projetos() C:\wamp64\www\tcc-math\routes\Router.php:19
[15-Dec-2024 01:40:55 UTC] PHP   4. require() C:\wamp64\www\tcc-math\routes\RouteSwitch.php:62
[15-Dec-2024 01:40:55 UTC] PHP Fatal error:  Uncaught Error: Call to a member function prepare() on null in C:\wamp64\www\tcc-math\views\match.php:6
Stack trace:
#0 C:\wamp64\www\tcc-math\routes\RouteSwitch.php(62): require()
#1 C:\wamp64\www\tcc-math\routes\Router.php(19): RouteSwitch->outros_projetos()
#2 C:\wamp64\www\tcc-math\index.php(30): Router->run('/outros_projeto...')
#3 {main}
  thrown in C:\wamp64\www\tcc-math\views\match.php on line 6
[15-Dec-2024 01:42:11 UTC] PHP Warning:  Undefined array key "user_id" in C:\wamp64\www\tcc-math\views\match.php on line 4
[15-Dec-2024 01:42:11 UTC] PHP Stack trace:
[15-Dec-2024 01:42:11 UTC] PHP   1. {main}() C:\wamp64\www\tcc-math\index.php:0
[15-Dec-2024 01:42:11 UTC] PHP   2. Router->run($requestUri = '/outros_projetos') C:\wamp64\www\tcc-math\index.php:30
[15-Dec-2024 01:42:11 UTC] PHP   3. RouteSwitch->outros_projetos() C:\wamp64\www\tcc-math\routes\Router.php:19
[15-Dec-2024 01:42:11 UTC] PHP   4. require() C:\wamp64\www\tcc-math\routes\RouteSwitch.php:62
[15-Dec-2024 01:42:11 UTC] PHP Warning:  Undefined variable $pdo in C:\wamp64\www\tcc-math\views\match.php on line 7
[15-Dec-2024 01:42:11 UTC] PHP Stack trace:
[15-Dec-2024 01:42:11 UTC] PHP   1. {main}() C:\wamp64\www\tcc-math\index.php:0
[15-Dec-2024 01:42:11 UTC] PHP   2. Router->run($requestUri = '/outros_projetos') C:\wamp64\www\tcc-math\index.php:30
[15-Dec-2024 01:42:11 UTC] PHP   3. RouteSwitch->outros_projetos() C:\wamp64\www\tcc-math\routes\Router.php:19
[15-Dec-2024 01:42:11 UTC] PHP   4. require() C:\wamp64\www\tcc-math\routes\RouteSwitch.php:62
[15-Dec-2024 01:42:11 UTC] PHP Fatal error:  Uncaught Error: Call to a member function prepare() on null in C:\wamp64\www\tcc-math\views\match.php:7
Stack trace:
#0 C:\wamp64\www\tcc-math\routes\RouteSwitch.php(62): require()
#1 C:\wamp64\www\tcc-math\routes\Router.php(19): RouteSwitch->outros_projetos()
#2 C:\wamp64\www\tcc-math\index.php(30): Router->run('/outros_projeto...')
#3 {main}
  thrown in C:\wamp64\www\tcc-math\views\match.php on line 7
[15-Dec-2024 01:42:12 UTC] PHP Warning:  Undefined array key "user_id" in C:\wamp64\www\tcc-math\views\match.php on line 4
[15-Dec-2024 01:42:12 UTC] PHP Stack trace:
[15-Dec-2024 01:42:12 UTC] PHP   1. {main}() C:\wamp64\www\tcc-math\index.php:0
[15-Dec-2024 01:42:12 UTC] PHP   2. Router->run($requestUri = '/outros_projetos') C:\wamp64\www\tcc-math\index.php:30
[15-Dec-2024 01:42:12 UTC] PHP   3. RouteSwitch->outros_projetos() C:\wamp64\www\tcc-math\routes\Router.php:19
[15-Dec-2024 01:42:12 UTC] PHP   4. require() C:\wamp64\www\tcc-math\routes\RouteSwitch.php:62
[15-Dec-2024 01:42:12 UTC] PHP Warning:  Undefined variable $pdo in C:\wamp64\www\tcc-math\views\match.php on line 7
[15-Dec-2024 01:42:12 UTC] PHP Stack trace:
[15-Dec-2024 01:42:12 UTC] PHP   1. {main}() C:\wamp64\www\tcc-math\index.php:0
[15-Dec-2024 01:42:12 UTC] PHP   2. Router->run($requestUri = '/outros_projetos') C:\wamp64\www\tcc-math\index.php:30
[15-Dec-2024 01:42:12 UTC] PHP   3. RouteSwitch->outros_projetos() C:\wamp64\www\tcc-math\routes\Router.php:19
[15-Dec-2024 01:42:12 UTC] PHP   4. require() C:\wamp64\www\tcc-math\routes\RouteSwitch.php:62
[15-Dec-2024 01:42:12 UTC] PHP Fatal error:  Uncaught Error: Call to a member function prepare() on null in C:\wamp64\www\tcc-math\views\match.php:7
Stack trace:
#0 C:\wamp64\www\tcc-math\routes\RouteSwitch.php(62): require()
#1 C:\wamp64\www\tcc-math\routes\Router.php(19): RouteSwitch->outros_projetos()
#2 C:\wamp64\www\tcc-math\index.php(30): Router->run('/outros_projeto...')
#3 {main}
  thrown in C:\wamp64\www\tcc-math\views\match.php on line 7
[15-Dec-2024 01:42:13 UTC] PHP Warning:  Undefined array key "user_id" in C:\wamp64\www\tcc-math\views\match.php on line 4
[15-Dec-2024 01:42:13 UTC] PHP Stack trace:
[15-Dec-2024 01:42:13 UTC] PHP   1. {main}() C:\wamp64\www\tcc-math\index.php:0
[15-Dec-2024 01:42:13 UTC] PHP   2. Router->run($requestUri = '/outros_projetos') C:\wamp64\www\tcc-math\index.php:30
[15-Dec-2024 01:42:13 UTC] PHP   3. RouteSwitch->outros_projetos() C:\wamp64\www\tcc-math\routes\Router.php:19
[15-Dec-2024 01:42:13 UTC] PHP   4. require() C:\wamp64\www\tcc-math\routes\RouteSwitch.php:62
[15-Dec-2024 01:42:13 UTC] PHP Warning:  Undefined variable $pdo in C:\wamp64\www\tcc-math\views\match.php on line 7
[15-Dec-2024 01:42:13 UTC] PHP Stack trace:
[15-Dec-2024 01:42:13 UTC] PHP   1. {main}() C:\wamp64\www\tcc-math\index.php:0
[15-Dec-2024 01:42:13 UTC] PHP   2. Router->run($requestUri = '/outros_projetos') C:\wamp64\www\tcc-math\index.php:30
[15-Dec-2024 01:42:13 UTC] PHP   3. RouteSwitch->outros_projetos() C:\wamp64\www\tcc-math\routes\Router.php:19
[15-Dec-2024 01:42:13 UTC] PHP   4. require() C:\wamp64\www\tcc-math\routes\RouteSwitch.php:62
[15-Dec-2024 01:42:13 UTC] PHP Fatal error:  Uncaught Error: Call to a member function prepare() on null in C:\wamp64\www\tcc-math\views\match.php:7
Stack trace:
#0 C:\wamp64\www\tcc-math\routes\RouteSwitch.php(62): require()
#1 C:\wamp64\www\tcc-math\routes\Router.php(19): RouteSwitch->outros_projetos()
#2 C:\wamp64\www\tcc-math\index.php(30): Router->run('/outros_projeto...')
#3 {main}
  thrown in C:\wamp64\www\tcc-math\views\match.php on line 7
[15-Dec-2024 01:42:13 UTC] PHP Warning:  Undefined array key "user_id" in C:\wamp64\www\tcc-math\views\match.php on line 4
[15-Dec-2024 01:42:13 UTC] PHP Stack trace:
[15-Dec-2024 01:42:13 UTC] PHP   1. {main}() C:\wamp64\www\tcc-math\index.php:0
[15-Dec-2024 01:42:13 UTC] PHP   2. Router->run($requestUri = '/outros_projetos') C:\wamp64\www\tcc-math\index.php:30
[15-Dec-2024 01:42:13 UTC] PHP   3. RouteSwitch->outros_projetos() C:\wamp64\www\tcc-math\routes\Router.php:19
[15-Dec-2024 01:42:13 UTC] PHP   4. require() C:\wamp64\www\tcc-math\routes\RouteSwitch.php:62
[15-Dec-2024 01:42:13 UTC] PHP Warning:  Undefined variable $pdo in C:\wamp64\www\tcc-math\views\match.php on line 7
[15-Dec-2024 01:42:13 UTC] PHP Stack trace:
[15-Dec-2024 01:42:13 UTC] PHP   1. {main}() C:\wamp64\www\tcc-math\index.php:0
[15-Dec-2024 01:42:13 UTC] PHP   2. Router->run($requestUri = '/outros_projetos') C:\wamp64\www\tcc-math\index.php:30
[15-Dec-2024 01:42:13 UTC] PHP   3. RouteSwitch->outros_projetos() C:\wamp64\www\tcc-math\routes\Router.php:19
[15-Dec-2024 01:42:13 UTC] PHP   4. require() C:\wamp64\www\tcc-math\routes\RouteSwitch.php:62
[15-Dec-2024 01:42:13 UTC] PHP Fatal error:  Uncaught Error: Call to a member function prepare() on null in C:\wamp64\www\tcc-math\views\match.php:7
Stack trace:
#0 C:\wamp64\www\tcc-math\routes\RouteSwitch.php(62): require()
#1 C:\wamp64\www\tcc-math\routes\Router.php(19): RouteSwitch->outros_projetos()
#2 C:\wamp64\www\tcc-math\index.php(30): Router->run('/outros_projeto...')
#3 {main}
  thrown in C:\wamp64\www\tcc-math\views\match.php on line 7
[15-Dec-2024 01:43:05 UTC] PHP Warning:  Undefined array key "user_id" in C:\wamp64\www\tcc-math\views\match.php on line 5
[15-Dec-2024 01:43:05 UTC] PHP Stack trace:
[15-Dec-2024 01:43:05 UTC] PHP   1. {main}() C:\wamp64\www\tcc-math\index.php:0
[15-Dec-2024 01:43:05 UTC] PHP   2. Router->run($requestUri = '/outros_projetos') C:\wamp64\www\tcc-math\index.php:30
[15-Dec-2024 01:43:05 UTC] PHP   3. RouteSwitch->outros_projetos() C:\wamp64\www\tcc-math\routes\Router.php:19
[15-Dec-2024 01:43:05 UTC] PHP   4. require() C:\wamp64\www\tcc-math\routes\RouteSwitch.php:62
[15-Dec-2024 01:43:05 UTC] PHP Warning:  Undefined variable $users in C:\wamp64\www\tcc-math\views\match.php on line 6
[15-Dec-2024 01:43:05 UTC] PHP Stack trace:
[15-Dec-2024 01:43:05 UTC] PHP   1. {main}() C:\wamp64\www\tcc-math\index.php:0
[15-Dec-2024 01:43:05 UTC] PHP   2. Router->run($requestUri = '/outros_projetos') C:\wamp64\www\tcc-math\index.php:30
[15-Dec-2024 01:43:05 UTC] PHP   3. RouteSwitch->outros_projetos() C:\wamp64\www\tcc-math\routes\Router.php:19
[15-Dec-2024 01:43:05 UTC] PHP   4. require() C:\wamp64\www\tcc-math\routes\RouteSwitch.php:62
[15-Dec-2024 01:43:05 UTC] PHP Warning:  Undefined variable $pdo in C:\wamp64\www\tcc-math\views\match.php on line 9
[15-Dec-2024 01:43:05 UTC] PHP Stack trace:
[15-Dec-2024 01:43:05 UTC] PHP   1. {main}() C:\wamp64\www\tcc-math\index.php:0
[15-Dec-2024 01:43:05 UTC] PHP   2. Router->run($requestUri = '/outros_projetos') C:\wamp64\www\tcc-math\index.php:30
[15-Dec-2024 01:43:05 UTC] PHP   3. RouteSwitch->outros_projetos() C:\wamp64\www\tcc-math\routes\Router.php:19
[15-Dec-2024 01:43:05 UTC] PHP   4. require() C:\wamp64\www\tcc-math\routes\RouteSwitch.php:62
[15-Dec-2024 01:43:05 UTC] PHP Fatal error:  Uncaught Error: Call to a member function prepare() on null in C:\wamp64\www\tcc-math\views\match.php:9
Stack trace:
#0 C:\wamp64\www\tcc-math\routes\RouteSwitch.php(62): require()
#1 C:\wamp64\www\tcc-math\routes\Router.php(19): RouteSwitch->outros_projetos()
#2 C:\wamp64\www\tcc-math\index.php(30): Router->run('/outros_projeto...')
#3 {main}
  thrown in C:\wamp64\www\tcc-math\views\match.php on line 9
[15-Dec-2024 01:44:00 UTC] PHP Warning:  Undefined array key "user_id" in C:\wamp64\www\tcc-math\views\match.php on line 5
[15-Dec-2024 01:44:00 UTC] PHP Stack trace:
[15-Dec-2024 01:44:00 UTC] PHP   1. {main}() C:\wamp64\www\tcc-math\index.php:0
[15-Dec-2024 01:44:00 UTC] PHP   2. Router->run($requestUri = '/outros_projetos') C:\wamp64\www\tcc-math\index.php:30
[15-Dec-2024 01:44:00 UTC] PHP   3. RouteSwitch->outros_projetos() C:\wamp64\www\tcc-math\routes\Router.php:19
[15-Dec-2024 01:44:00 UTC] PHP   4. require() C:\wamp64\www\tcc-math\routes\RouteSwitch.php:62
[15-Dec-2024 01:44:00 UTC] PHP Warning:  Undefined variable $users in C:\wamp64\www\tcc-math\views\match.php on line 6
[15-Dec-2024 01:44:00 UTC] PHP Stack trace:
[15-Dec-2024 01:44:00 UTC] PHP   1. {main}() C:\wamp64\www\tcc-math\index.php:0
[15-Dec-2024 01:44:00 UTC] PHP   2. Router->run($requestUri = '/outros_projetos') C:\wamp64\www\tcc-math\index.php:30
[15-Dec-2024 01:44:00 UTC] PHP   3. RouteSwitch->outros_projetos() C:\wamp64\www\tcc-math\routes\Router.php:19
[15-Dec-2024 01:44:00 UTC] PHP   4. require() C:\wamp64\www\tcc-math\routes\RouteSwitch.php:62
[15-Dec-2024 01:44:00 UTC] PHP Warning:  Undefined variable $pdo in C:\wamp64\www\tcc-math\views\match.php on line 9
[15-Dec-2024 01:44:00 UTC] PHP Stack trace:
[15-Dec-2024 01:44:00 UTC] PHP   1. {main}() C:\wamp64\www\tcc-math\index.php:0
[15-Dec-2024 01:44:00 UTC] PHP   2. Router->run($requestUri = '/outros_projetos') C:\wamp64\www\tcc-math\index.php:30
[15-Dec-2024 01:44:00 UTC] PHP   3. RouteSwitch->outros_projetos() C:\wamp64\www\tcc-math\routes\Router.php:19
[15-Dec-2024 01:44:00 UTC] PHP   4. require() C:\wamp64\www\tcc-math\routes\RouteSwitch.php:62
[15-Dec-2024 01:44:00 UTC] PHP Fatal error:  Uncaught Error: Call to a member function prepare() on null in C:\wamp64\www\tcc-math\views\match.php:9
Stack trace:
#0 C:\wamp64\www\tcc-math\routes\RouteSwitch.php(62): require()
#1 C:\wamp64\www\tcc-math\routes\Router.php(19): RouteSwitch->outros_projetos()
#2 C:\wamp64\www\tcc-math\index.php(30): Router->run('/outros_projeto...')
#3 {main}
  thrown in C:\wamp64\www\tcc-math\views\match.php on line 9
[15-Dec-2024 01:44:02 UTC] PHP Warning:  Undefined array key "user_id" in C:\wamp64\www\tcc-math\views\match.php on line 5
[15-Dec-2024 01:44:02 UTC] PHP Stack trace:
[15-Dec-2024 01:44:02 UTC] PHP   1. {main}() C:\wamp64\www\tcc-math\index.php:0
[15-Dec-2024 01:44:02 UTC] PHP   2. Router->run($requestUri = '/outros_projetos') C:\wamp64\www\tcc-math\index.php:30
[15-Dec-2024 01:44:02 UTC] PHP   3. RouteSwitch->outros_projetos() C:\wamp64\www\tcc-math\routes\Router.php:19
[15-Dec-2024 01:44:02 UTC] PHP   4. require() C:\wamp64\www\tcc-math\routes\RouteSwitch.php:62
[15-Dec-2024 01:44:02 UTC] PHP Warning:  Undefined variable $users in C:\wamp64\www\tcc-math\views\match.php on line 6
[15-Dec-2024 01:44:02 UTC] PHP Stack trace:
[15-Dec-2024 01:44:02 UTC] PHP   1. {main}() C:\wamp64\www\tcc-math\index.php:0
[15-Dec-2024 01:44:02 UTC] PHP   2. Router->run($requestUri = '/outros_projetos') C:\wamp64\www\tcc-math\index.php:30
[15-Dec-2024 01:44:02 UTC] PHP   3. RouteSwitch->outros_projetos() C:\wamp64\www\tcc-math\routes\Router.php:19
[15-Dec-2024 01:44:02 UTC] PHP   4. require() C:\wamp64\www\tcc-math\routes\RouteSwitch.php:62
[15-Dec-2024 01:44:02 UTC] PHP Warning:  Undefined variable $pdo in C:\wamp64\www\tcc-math\views\match.php on line 9
[15-Dec-2024 01:44:02 UTC] PHP Stack trace:
[15-Dec-2024 01:44:02 UTC] PHP   1. {main}() C:\wamp64\www\tcc-math\index.php:0
[15-Dec-2024 01:44:02 UTC] PHP   2. Router->run($requestUri = '/outros_projetos') C:\wamp64\www\tcc-math\index.php:30
[15-Dec-2024 01:44:02 UTC] PHP   3. RouteSwitch->outros_projetos() C:\wamp64\www\tcc-math\routes\Router.php:19
[15-Dec-2024 01:44:02 UTC] PHP   4. require() C:\wamp64\www\tcc-math\routes\RouteSwitch.php:62
[15-Dec-2024 01:44:02 UTC] PHP Fatal error:  Uncaught Error: Call to a member function prepare() on null in C:\wamp64\www\tcc-math\views\match.php:9
Stack trace:
#0 C:\wamp64\www\tcc-math\routes\RouteSwitch.php(62): require()
#1 C:\wamp64\www\tcc-math\routes\Router.php(19): RouteSwitch->outros_projetos()
#2 C:\wamp64\www\tcc-math\index.php(30): Router->run('/outros_projeto...')
#3 {main}
  thrown in C:\wamp64\www\tcc-math\views\match.php on line 9
[15-Dec-2024 01:44:02 UTC] PHP Warning:  Undefined array key "user_id" in C:\wamp64\www\tcc-math\views\match.php on line 5
[15-Dec-2024 01:44:02 UTC] PHP Stack trace:
[15-Dec-2024 01:44:02 UTC] PHP   1. {main}() C:\wamp64\www\tcc-math\index.php:0
[15-Dec-2024 01:44:02 UTC] PHP   2. Router->run($requestUri = '/outros_projetos') C:\wamp64\www\tcc-math\index.php:30
[15-Dec-2024 01:44:02 UTC] PHP   3. RouteSwitch->outros_projetos() C:\wamp64\www\tcc-math\routes\Router.php:19
[15-Dec-2024 01:44:02 UTC] PHP   4. require() C:\wamp64\www\tcc-math\routes\RouteSwitch.php:62
[15-Dec-2024 01:44:02 UTC] PHP Warning:  Undefined variable $users in C:\wamp64\www\tcc-math\views\match.php on line 6
[15-Dec-2024 01:44:02 UTC] PHP Stack trace:
[15-Dec-2024 01:44:02 UTC] PHP   1. {main}() C:\wamp64\www\tcc-math\index.php:0
[15-Dec-2024 01:44:02 UTC] PHP   2. Router->run($requestUri = '/outros_projetos') C:\wamp64\www\tcc-math\index.php:30
[15-Dec-2024 01:44:02 UTC] PHP   3. RouteSwitch->outros_projetos() C:\wamp64\www\tcc-math\routes\Router.php:19
[15-Dec-2024 01:44:02 UTC] PHP   4. require() C:\wamp64\www\tcc-math\routes\RouteSwitch.php:62
[15-Dec-2024 01:44:02 UTC] PHP Warning:  Undefined variable $pdo in C:\wamp64\www\tcc-math\views\match.php on line 9
[15-Dec-2024 01:44:02 UTC] PHP Stack trace:
[15-Dec-2024 01:44:02 UTC] PHP   1. {main}() C:\wamp64\www\tcc-math\index.php:0
[15-Dec-2024 01:44:02 UTC] PHP   2. Router->run($requestUri = '/outros_projetos') C:\wamp64\www\tcc-math\index.php:30
[15-Dec-2024 01:44:02 UTC] PHP   3. RouteSwitch->outros_projetos() C:\wamp64\www\tcc-math\routes\Router.php:19
[15-Dec-2024 01:44:02 UTC] PHP   4. require() C:\wamp64\www\tcc-math\routes\RouteSwitch.php:62
[15-Dec-2024 01:44:02 UTC] PHP Fatal error:  Uncaught Error: Call to a member function prepare() on null in C:\wamp64\www\tcc-math\views\match.php:9
Stack trace:
#0 C:\wamp64\www\tcc-math\routes\RouteSwitch.php(62): require()
#1 C:\wamp64\www\tcc-math\routes\Router.php(19): RouteSwitch->outros_projetos()
#2 C:\wamp64\www\tcc-math\index.php(30): Router->run('/outros_projeto...')
#3 {main}
  thrown in C:\wamp64\www\tcc-math\views\match.php on line 9
[15-Dec-2024 01:44:25 UTC] PHP Warning:  Undefined array key "user_id" in C:\wamp64\www\tcc-math\views\match.php on line 5
[15-Dec-2024 01:44:25 UTC] PHP Stack trace:
[15-Dec-2024 01:44:25 UTC] PHP   1. {main}() C:\wamp64\www\tcc-math\index.php:0
[15-Dec-2024 01:44:25 UTC] PHP   2. Router->run($requestUri = '/outros_projetos') C:\wamp64\www\tcc-math\index.php:30
[15-Dec-2024 01:44:25 UTC] PHP   3. RouteSwitch->outros_projetos() C:\wamp64\www\tcc-math\routes\Router.php:19
[15-Dec-2024 01:44:25 UTC] PHP   4. require() C:\wamp64\www\tcc-math\routes\RouteSwitch.php:62
[15-Dec-2024 01:44:25 UTC] PHP Warning:  Undefined variable $pdo in C:\wamp64\www\tcc-math\views\match.php on line 9
[15-Dec-2024 01:44:25 UTC] PHP Stack trace:
[15-Dec-2024 01:44:25 UTC] PHP   1. {main}() C:\wamp64\www\tcc-math\index.php:0
[15-Dec-2024 01:44:25 UTC] PHP   2. Router->run($requestUri = '/outros_projetos') C:\wamp64\www\tcc-math\index.php:30
[15-Dec-2024 01:44:25 UTC] PHP   3. RouteSwitch->outros_projetos() C:\wamp64\www\tcc-math\routes\Router.php:19
[15-Dec-2024 01:44:25 UTC] PHP   4. require() C:\wamp64\www\tcc-math\routes\RouteSwitch.php:62
[15-Dec-2024 01:44:25 UTC] PHP Fatal error:  Uncaught Error: Call to a member function prepare() on null in C:\wamp64\www\tcc-math\views\match.php:9
Stack trace:
#0 C:\wamp64\www\tcc-math\routes\RouteSwitch.php(62): require()
#1 C:\wamp64\www\tcc-math\routes\Router.php(19): RouteSwitch->outros_projetos()
#2 C:\wamp64\www\tcc-math\index.php(30): Router->run('/outros_projeto...')
#3 {main}
  thrown in C:\wamp64\www\tcc-math\views\match.php on line 9
[15-Dec-2024 01:45:36 UTC] PHP Warning:  Undefined array key "user_id" in C:\wamp64\www\tcc-math\views\match.php on line 5
[15-Dec-2024 01:45:36 UTC] PHP Stack trace:
[15-Dec-2024 01:45:36 UTC] PHP   1. {main}() C:\wamp64\www\tcc-math\index.php:0
[15-Dec-2024 01:45:36 UTC] PHP   2. Router->run($requestUri = '/outros_projetos') C:\wamp64\www\tcc-math\index.php:30
[15-Dec-2024 01:45:36 UTC] PHP   3. RouteSwitch->outros_projetos() C:\wamp64\www\tcc-math\routes\Router.php:19
[15-Dec-2024 01:45:36 UTC] PHP   4. require() C:\wamp64\www\tcc-math\routes\RouteSwitch.php:62
[15-Dec-2024 01:45:36 UTC] PHP Warning:  Undefined variable $pdo in C:\wamp64\www\tcc-math\views\match.php on line 9
[15-Dec-2024 01:45:36 UTC] PHP Stack trace:
[15-Dec-2024 01:45:36 UTC] PHP   1. {main}() C:\wamp64\www\tcc-math\index.php:0
[15-Dec-2024 01:45:36 UTC] PHP   2. Router->run($requestUri = '/outros_projetos') C:\wamp64\www\tcc-math\index.php:30
[15-Dec-2024 01:45:36 UTC] PHP   3. RouteSwitch->outros_projetos() C:\wamp64\www\tcc-math\routes\Router.php:19
[15-Dec-2024 01:45:36 UTC] PHP   4. require() C:\wamp64\www\tcc-math\routes\RouteSwitch.php:62
[15-Dec-2024 01:45:36 UTC] PHP Fatal error:  Uncaught Error: Call to a member function prepare() on null in C:\wamp64\www\tcc-math\views\match.php:9
Stack trace:
#0 C:\wamp64\www\tcc-math\routes\RouteSwitch.php(62): require()
#1 C:\wamp64\www\tcc-math\routes\Router.php(19): RouteSwitch->outros_projetos()
#2 C:\wamp64\www\tcc-math\index.php(30): Router->run('/outros_projeto...')
#3 {main}
  thrown in C:\wamp64\www\tcc-math\views\match.php on line 9
[15-Dec-2024 01:50:17 UTC] PHP Warning:  Undefined array key "user_id" in C:\wamp64\www\tcc-math\controllers\matchControler.php on line 11
[15-Dec-2024 01:50:17 UTC] PHP Stack trace:
[15-Dec-2024 01:50:17 UTC] PHP   1. {main}() C:\wamp64\www\tcc-math\index.php:0
[15-Dec-2024 01:50:17 UTC] PHP   2. Router->run($requestUri = '/outros_projetos') C:\wamp64\www\tcc-math\index.php:30
[15-Dec-2024 01:50:17 UTC] PHP   3. RouteSwitch->outros_projetos() C:\wamp64\www\tcc-math\routes\Router.php:19
[15-Dec-2024 01:50:17 UTC] PHP   4. require() C:\wamp64\www\tcc-math\routes\RouteSwitch.php:62
[15-Dec-2024 01:50:17 UTC] PHP   5. require_once() C:\wamp64\www\tcc-math\views\match.php:2
[15-Dec-2024 01:50:17 UTC] PHP Warning:  Undefined variable $pdo in C:\wamp64\www\tcc-math\controllers\matchControler.php on line 15
[15-Dec-2024 01:50:17 UTC] PHP Stack trace:
[15-Dec-2024 01:50:17 UTC] PHP   1. {main}() C:\wamp64\www\tcc-math\index.php:0
[15-Dec-2024 01:50:17 UTC] PHP   2. Router->run($requestUri = '/outros_projetos') C:\wamp64\www\tcc-math\index.php:30
[15-Dec-2024 01:50:17 UTC] PHP   3. RouteSwitch->outros_projetos() C:\wamp64\www\tcc-math\routes\Router.php:19
[15-Dec-2024 01:50:17 UTC] PHP   4. require() C:\wamp64\www\tcc-math\routes\RouteSwitch.php:62
[15-Dec-2024 01:50:17 UTC] PHP   5. require_once() C:\wamp64\www\tcc-math\views\match.php:2
[15-Dec-2024 01:50:17 UTC] PHP Fatal error:  Uncaught Error: Call to a member function prepare() on null in C:\wamp64\www\tcc-math\controllers\matchControler.php:15
Stack trace:
#0 C:\wamp64\www\tcc-math\views\match.php(2): require_once()
#1 C:\wamp64\www\tcc-math\routes\RouteSwitch.php(62): require('C:\\wamp64\\www\\t...')
#2 C:\wamp64\www\tcc-math\routes\Router.php(19): RouteSwitch->outros_projetos()
#3 C:\wamp64\www\tcc-math\index.php(30): Router->run('/outros_projeto...')
#4 {main}
  thrown in C:\wamp64\www\tcc-math\controllers\matchControler.php on line 15
[15-Dec-2024 01:55:22 UTC] PHP Warning:  Undefined array key "users_id" in C:\wamp64\www\tcc-math\controllers\matchControler.php on line 11
[15-Dec-2024 01:55:22 UTC] PHP Stack trace:
[15-Dec-2024 01:55:22 UTC] PHP   1. {main}() C:\wamp64\www\tcc-math\index.php:0
[15-Dec-2024 01:55:22 UTC] PHP   2. Router->run($requestUri = '/outros_projetos') C:\wamp64\www\tcc-math\index.php:30
[15-Dec-2024 01:55:22 UTC] PHP   3. RouteSwitch->outros_projetos() C:\wamp64\www\tcc-math\routes\Router.php:19
[15-Dec-2024 01:55:22 UTC] PHP   4. require() C:\wamp64\www\tcc-math\routes\RouteSwitch.php:62
[15-Dec-2024 01:55:22 UTC] PHP   5. require_once() C:\wamp64\www\tcc-math\views\match.php:2
[15-Dec-2024 01:55:22 UTC] PHP Warning:  Undefined variable $pdo in C:\wamp64\www\tcc-math\controllers\matchControler.php on line 15
[15-Dec-2024 01:55:22 UTC] PHP Stack trace:
[15-Dec-2024 01:55:22 UTC] PHP   1. {main}() C:\wamp64\www\tcc-math\index.php:0
[15-Dec-2024 01:55:22 UTC] PHP   2. Router->run($requestUri = '/outros_projetos') C:\wamp64\www\tcc-math\index.php:30
[15-Dec-2024 01:55:22 UTC] PHP   3. RouteSwitch->outros_projetos() C:\wamp64\www\tcc-math\routes\Router.php:19
[15-Dec-2024 01:55:22 UTC] PHP   4. require() C:\wamp64\www\tcc-math\routes\RouteSwitch.php:62
[15-Dec-2024 01:55:22 UTC] PHP   5. require_once() C:\wamp64\www\tcc-math\views\match.php:2
[15-Dec-2024 01:55:22 UTC] PHP Fatal error:  Uncaught Error: Call to a member function prepare() on null in C:\wamp64\www\tcc-math\controllers\matchControler.php:15
Stack trace:
#0 C:\wamp64\www\tcc-math\views\match.php(2): require_once()
#1 C:\wamp64\www\tcc-math\routes\RouteSwitch.php(62): require('C:\\wamp64\\www\\t...')
#2 C:\wamp64\www\tcc-math\routes\Router.php(19): RouteSwitch->outros_projetos()
#3 C:\wamp64\www\tcc-math\index.php(30): Router->run('/outros_projeto...')
#4 {main}
  thrown in C:\wamp64\www\tcc-math\controllers\matchControler.php on line 15
[15-Dec-2024 01:56:31 UTC] PHP Warning:  Undefined array key "users_id" in C:\wamp64\www\tcc-math\controllers\matchControler.php on line 11
[15-Dec-2024 01:56:31 UTC] PHP Stack trace:
[15-Dec-2024 01:56:31 UTC] PHP   1. {main}() C:\wamp64\www\tcc-math\index.php:0
[15-Dec-2024 01:56:31 UTC] PHP   2. Router->run($requestUri = '/outros_projetos') C:\wamp64\www\tcc-math\index.php:30
[15-Dec-2024 01:56:31 UTC] PHP   3. RouteSwitch->outros_projetos() C:\wamp64\www\tcc-math\routes\Router.php:19
[15-Dec-2024 01:56:31 UTC] PHP   4. require() C:\wamp64\www\tcc-math\routes\RouteSwitch.php:62
[15-Dec-2024 01:56:31 UTC] PHP   5. require_once() C:\wamp64\www\tcc-math\views\match.php:2
[15-Dec-2024 01:56:31 UTC] PHP Warning:  Undefined variable $pdo in C:\wamp64\www\tcc-math\controllers\matchControler.php on line 15
[15-Dec-2024 01:56:31 UTC] PHP Stack trace:
[15-Dec-2024 01:56:31 UTC] PHP   1. {main}() C:\wamp64\www\tcc-math\index.php:0
[15-Dec-2024 01:56:31 UTC] PHP   2. Router->run($requestUri = '/outros_projetos') C:\wamp64\www\tcc-math\index.php:30
[15-Dec-2024 01:56:31 UTC] PHP   3. RouteSwitch->outros_projetos() C:\wamp64\www\tcc-math\routes\Router.php:19
[15-Dec-2024 01:56:31 UTC] PHP   4. require() C:\wamp64\www\tcc-math\routes\RouteSwitch.php:62
[15-Dec-2024 01:56:31 UTC] PHP   5. require_once() C:\wamp64\www\tcc-math\views\match.php:2
[15-Dec-2024 01:56:31 UTC] PHP Fatal error:  Uncaught Error: Call to a member function prepare() on null in C:\wamp64\www\tcc-math\controllers\matchControler.php:15
Stack trace:
#0 C:\wamp64\www\tcc-math\views\match.php(2): require_once()
#1 C:\wamp64\www\tcc-math\routes\RouteSwitch.php(62): require('C:\\wamp64\\www\\t...')
#2 C:\wamp64\www\tcc-math\routes\Router.php(19): RouteSwitch->outros_projetos()
#3 C:\wamp64\www\tcc-math\index.php(30): Router->run('/outros_projeto...')
#4 {main}
  thrown in C:\wamp64\www\tcc-math\controllers\matchControler.php on line 15
[15-Dec-2024 02:00:30 UTC] PHP Warning:  Undefined array key "users_id" in C:\wamp64\www\tcc-math\controllers\ProjetoController.php on line 43
[15-Dec-2024 02:00:30 UTC] PHP Stack trace:
[15-Dec-2024 02:00:30 UTC] PHP   1. {main}() C:\wamp64\www\tcc-math\index.php:0
[15-Dec-2024 02:00:30 UTC] PHP   2. Router->run($requestUri = '/cadastrar_Projeto') C:\wamp64\www\tcc-math\index.php:30
[15-Dec-2024 02:00:30 UTC] PHP   3. RouteSwitch->Cadastrar_projeto() C:\wamp64\www\tcc-math\routes\Router.php:19
[15-Dec-2024 02:00:30 UTC] PHP   4. ProjetoController->cadastrar($dados = ['title' => 'po', 'description' => 'po', 'languages' => 'po', 'framework' => 'po']) C:\wamp64\www\tcc-math\routes\RouteSwitch.php:48
[15-Dec-2024 02:00:30 UTC] Erro ao cadastrar projeto: SQLSTATE[HY093]: Invalid parameter number: number of bound variables does not match number of tokens
[15-Dec-2024 02:29:49 UTC] Erro ao cadastrar projeto: SQLSTATE[HY093]: Invalid parameter number: number of bound variables does not match number of tokens
[15-Dec-2024 02:38:14 UTC] PHP Warning:  Undefined array key "users_id" in C:\wamp64\www\tcc-math\controllers\matchControler.php on line 11
[15-Dec-2024 02:38:14 UTC] PHP Stack trace:
[15-Dec-2024 02:38:14 UTC] PHP   1. {main}() C:\wamp64\www\tcc-math\index.php:0
[15-Dec-2024 02:38:14 UTC] PHP   2. Router->run($requestUri = '/outros_projetos') C:\wamp64\www\tcc-math\index.php:35
[15-Dec-2024 02:38:14 UTC] PHP   3. RouteSwitch->outros_projetos() C:\wamp64\www\tcc-math\routes\Router.php:19
[15-Dec-2024 02:38:14 UTC] PHP   4. require() C:\wamp64\www\tcc-math\routes\RouteSwitch.php:69
[15-Dec-2024 02:38:14 UTC] PHP   5. require_once() C:\wamp64\www\tcc-math\views\match.php:2
[15-Dec-2024 02:38:14 UTC] PHP Warning:  Undefined variable $pdo in C:\wamp64\www\tcc-math\controllers\matchControler.php on line 15
[15-Dec-2024 02:38:14 UTC] PHP Stack trace:
[15-Dec-2024 02:38:14 UTC] PHP   1. {main}() C:\wamp64\www\tcc-math\index.php:0
[15-Dec-2024 02:38:14 UTC] PHP   2. Router->run($requestUri = '/outros_projetos') C:\wamp64\www\tcc-math\index.php:35
[15-Dec-2024 02:38:14 UTC] PHP   3. RouteSwitch->outros_projetos() C:\wamp64\www\tcc-math\routes\Router.php:19
[15-Dec-2024 02:38:14 UTC] PHP   4. require() C:\wamp64\www\tcc-math\routes\RouteSwitch.php:69
[15-Dec-2024 02:38:14 UTC] PHP   5. require_once() C:\wamp64\www\tcc-math\views\match.php:2
[15-Dec-2024 02:38:14 UTC] PHP Fatal error:  Uncaught Error: Call to a member function prepare() on null in C:\wamp64\www\tcc-math\controllers\matchControler.php:15
Stack trace:
#0 C:\wamp64\www\tcc-math\views\match.php(2): require_once()
#1 C:\wamp64\www\tcc-math\routes\RouteSwitch.php(69): require('C:\\wamp64\\www\\t...')
#2 C:\wamp64\www\tcc-math\routes\Router.php(19): RouteSwitch->outros_projetos()
#3 C:\wamp64\www\tcc-math\index.php(35): Router->run('/outros_projeto...')
#4 {main}
  thrown in C:\wamp64\www\tcc-math\controllers\matchControler.php on line 15
